#
# A fatal error has been detected by the Java Runtime Environment:
#
#  SIGSEGV (0xb) at pc=0x00007fb14e222ef6, pid=27690, tid=27691
#
# JRE version: OpenJDK Runtime Environment Temurin-17.0.9+9 (17.0.9+9) (build 17.0.9+9)
# Java VM: OpenJDK 64-Bit Server VM Temurin-17.0.9+9 (17.0.9+9, mixed mode, tiered, compressed oops, compressed class ptrs, g1 gc, linux-amd64)
# Problematic frame:
# J 130 c1 jdk.internal.jimage.ImageStringsReader.unmaskedHashCode(Ljava/lang/String;I)I java.base@17.0.9 (166 bytes) @ 0x00007fb14e222ef6 [0x00007fb14e222de0+0x0000000000000116]
#
# Core dump will be written. Default location: Core dumps may be processed with "/usr/share/apport/apport -p%p -s%s -c%c -d%d -P%P -u%u -g%g -- %E" (or dumping to /home/samuel/Documentos/Estrutura/Estruturas-de-dados/ListaImpl/core.27690)
#
# If you would like to submit a bug report, please visit:
#   https://github.com/adoptium/adoptium-support/issues
#

---------------  S U M M A R Y ------------

Command Line: -Dapplication.home=/home/samuel/.vscode/extensions/redhat.java-1.25.1-linux-x64/jre/17.0.9-linux-x86_64 -Xms8m -Djdk.module.main=jdk.jcmd jdk.jcmd/sun.tools.jcmd.JCmd 6193 VM.uptime

Host: AMD Ryzen 5 1400 Quad-Core Processor, 8 cores, 7G, Ubuntu 22.04.2 LTS
Time: Mon Dec 18 22:52:13 2023 -03 elapsed time: 0.155406 seconds (0d 0h 0m 0s)

---------------  T H R E A D  ---------------

Current thread (0x00007fb1600259d0):  JavaThread "main" [_thread_in_Java, id=27691, stack(0x00007fb164f00000,0x00007fb165000000)]

Stack: [0x00007fb164f00000,0x00007fb165000000],  sp=0x00007fb164ffdb40,  free space=1014k
Native frames: (J=compiled Java code, j=interpreted, Vv=VM code, C=native code)
J 130 c1 jdk.internal.jimage.ImageStringsReader.unmaskedHashCode(Ljava/lang/String;I)I java.base@17.0.9 (166 bytes) @ 0x00007fb14e222ef6 [0x00007fb14e222de0+0x0000000000000116]
j  jdk.internal.jimage.ImageStringsReader.hashCode(Ljava/lang/String;Ljava/lang/String;I)I+24 java.base@17.0.9
j  jdk.internal.jimage.ImageStringsReader.hashCode(Ljava/lang/String;Ljava/lang/String;)I+4 java.base@17.0.9
j  jdk.internal.jimage.BasicImageReader.getLocationIndex(Ljava/lang/String;Ljava/lang/String;)I+14 java.base@17.0.9
j  jdk.internal.jimage.BasicImageReader.verifyLocation(Ljava/lang/String;Ljava/lang/String;)Z+3 java.base@17.0.9
j  jdk.internal.jimage.ImageReader.verifyLocation(Ljava/lang/String;Ljava/lang/String;)Z+10 java.base@17.0.9
j  jdk.internal.module.SystemModuleFinders$SystemModuleReader.containsImageLocation(Ljava/lang/String;)Z+36 java.base@17.0.9
j  jdk.internal.module.SystemModuleFinders$SystemModuleReader.find(Ljava/lang/String;)Ljava/util/Optional;+2 java.base@17.0.9
j  jdk.internal.loader.BuiltinClassLoader$2.run()Ljava/util/List;+51 java.base@17.0.9
j  jdk.internal.loader.BuiltinClassLoader$2.run()Ljava/lang/Object;+1 java.base@17.0.9
j  java.security.AccessController.executePrivileged(Ljava/security/PrivilegedExceptionAction;Ljava/security/AccessControlContext;Ljava/lang/Class;)Ljava/lang/Object;+29 java.base@17.0.9
j  java.security.AccessController.doPrivileged(Ljava/security/PrivilegedExceptionAction;)Ljava/lang/Object;+9 java.base@17.0.9
j  jdk.internal.loader.BuiltinClassLoader.findMiscResource(Ljava/lang/String;)Ljava/util/List;+83 java.base@17.0.9
j  jdk.internal.loader.BuiltinClassLoader.findResources(Ljava/lang/String;)Ljava/util/Enumeration;+107 java.base@17.0.9
j  jdk.internal.loader.BootLoader.findResources(Ljava/lang/String;)Ljava/util/Enumeration;+4 java.base@17.0.9
j  java.lang.ClassLoader.getResources(Ljava/lang/String;)Ljava/util/Enumeration;+34 java.base@17.0.9
j  java.lang.ClassLoader.getResources(Ljava/lang/String;)Ljava/util/Enumeration;+24 java.base@17.0.9
j  java.util.ServiceLoader$LazyClassPathLookupIterator.nextProviderClass()Ljava/lang/Class;+106 java.base@17.0.9
j  java.util.ServiceLoader$LazyClassPathLookupIterator.hasNextService()Z+15 java.base@17.0.9
j  java.util.ServiceLoader$LazyClassPathLookupIterator.hasNext()Z+11 java.base@17.0.9
j  java.util.ServiceLoader$2.hasNext()Z+16 java.base@17.0.9
j  java.util.ServiceLoader$3.hasNext()Z+32 java.base@17.0.9
j  sun.jvmstat.monitor.MonitoredHost.getMonitoredHost(Lsun/jvmstat/monitor/HostIdentifier;)Lsun/jvmstat/monitor/MonitoredHost;+72 jdk.internal.jvmstat@17.0.9
j  sun.jvmstat.monitor.MonitoredHost.getMonitoredHost(Lsun/jvmstat/monitor/VmIdentifier;)Lsun/jvmstat/monitor/MonitoredHost;+10 jdk.internal.jvmstat@17.0.9
j  sun.tools.attach.HotSpotAttachProvider.testAttachable(Ljava/lang/String;)V+12 jdk.attach@17.0.9
j  sun.tools.attach.AttachProviderImpl.attachVirtualMachine(Ljava/lang/String;)Lcom/sun/tools/attach/VirtualMachine;+6 jdk.attach@17.0.9
j  com.sun.tools.attach.VirtualMachine.attach(Ljava/lang/String;)Lcom/sun/tools/attach/VirtualMachine;+69 jdk.attach@17.0.9
j  sun.tools.jcmd.JCmd.executeCommandForPid(Ljava/lang/String;Ljava/lang/String;)V+1 jdk.jcmd@17.0.9
j  sun.tools.jcmd.JCmd.main([Ljava/lang/String;)V+255 jdk.jcmd@17.0.9
v  ~StubRoutines::call_stub
V  [libjvm.so+0x829765]  JavaCalls::call_helper(JavaValue*, methodHandle const&, JavaCallArguments*, JavaThread*)+0x315
V  [libjvm.so+0x8c272b]  jni_invoke_static(JNIEnv_*, JavaValue*, _jobject*, JNICallType, _jmethodID*, JNI_ArgumentPusher*, JavaThread*) [clone .constprop.1]+0x38b
V  [libjvm.so+0x8c5175]  jni_CallStaticVoidMethod+0x175
C  [libjli.so+0xa8de]  JavaMain+0xcfe
C  [libjli.so+0xdf69]  ThreadJavaMain+0x9


siginfo: si_signo: 11 (SIGSEGV), si_code: 128 (SI_KERNEL), si_addr: 0x0000000000000000

Registers:
RAX=0x00007fb130302a80, RBX=0x0000000000002884, RCX=0x0000000000000000, RDX=0x000000006d7a20aa
RSP=0x00007fb164ffdb40, RBP=0x00007fb164ffdc88, RSI=0x000000008568b040, RDI=0x000000000000003a
R8 =0x0000000000000170, R9 =0x000000000000006b, R10=0x00007fb166336380, R11=0x00007fb14e222de0
R12=0x0000000000000000, R13=0x00007fb164ffdc30, R14=0x00007fb164ffdca8, R15=0x00007fb1600259d0
RIP=0x00007fb14e222ef6, EFLAGS=0x0000000000010206, CSGSFS=0x002b000000000033, ERR=0x0000000000000000
  TRAPNO=0x000000000000000d


Register to memory mapping:

RAX={method} {0x00007fb130302a80} 'unmaskedHashCode' '(Ljava/lang/String;I)I' in 'jdk/internal/jimage/ImageStringsReader'
RBX=0x0000000000002884 is an unknown value
RCX=0x0 is NULL
RDX=0x000000006d7a20aa is an unknown value
RSP=0x00007fb164ffdb40 is pointing into the stack for thread: 0x00007fb1600259d0
RBP=0x00007fb164ffdc88 is pointing into the stack for thread: 0x00007fb1600259d0
RSI=0x000000008568b040 is an oop: java.lang.String 
{0x000000008568b040} - klass: 'java/lang/String'
 - string: "META-INF/services/sun.jvmstat.monitor.MonitoredHostService"
RDI=0x000000000000003a is an unknown value
R8 =0x0000000000000170 is an unknown value
R9 =0x000000000000006b is an unknown value
R10=0x00007fb166336380: <offset 0x0000000001336380> in /home/samuel/.vscode/extensions/redhat.java-1.25.1-linux-x64/jre/17.0.9-linux-x86_64/lib/server/libjvm.so at 0x00007fb165000000
R11=0x00007fb14e222de0 is at entry_point+0 in (nmethod*)0x00007fb14e222b90
Compiled method (c1)     250  130       3       jdk.internal.jimage.ImageStringsReader::unmaskedHashCode (166 bytes)
 total in heap  [0x00007fb14e222b90,0x00007fb14e223e48] = 4792
 relocation     [0x00007fb14e222cf0,0x00007fb14e222dd0] = 224
 main code      [0x00007fb14e222de0,0x00007fb14e223940] = 2912
 stub code      [0x00007fb14e223940,0x00007fb14e223990] = 80
 metadata       [0x00007fb14e223990,0x00007fb14e2239d8] = 72
 scopes data    [0x00007fb14e2239d8,0x00007fb14e223c08] = 560
 scopes pcs     [0x00007fb14e223c08,0x00007fb14e223e08] = 512
 dependencies   [0x00007fb14e223e08,0x00007fb14e223e10] = 8
 nul chk table  [0x00007fb14e223e10,0x00007fb14e223e48] = 56
R12=0x0 is NULL
R13=0x00007fb164ffdc30 is pointing into the stack for thread: 0x00007fb1600259d0
R14=0x00007fb164ffdca8 is pointing into the stack for thread: 0x00007fb1600259d0
R15=0x00007fb1600259d0 is a thread


Top of Stack: (sp=0x00007fb164ffdb40)
0x00007fb164ffdb40:   00007fb164ffdb40 00007fb1302e5481
0x00007fb164ffdb50:   00007fb164ffdbb0 00007fb1302e5de8
0x00007fb164ffdb60:   0000000000000000 00000000857d5948
0x00007fb164ffdb70:   00007fb1302e5488 0000000000000000
0x00007fb164ffdb80:   00007fb164ffdb98 00007fb164ffdc00
0x00007fb164ffdb90:   00007fb155740340 0000000000000000
0x00007fb164ffdba0:   0000000085738f78 0000000000000055
0x00007fb164ffdbb0:   00000000857d5d30 00007fb164ffdbb8
0x00007fb164ffdbc0:   00007fb130302647 00007fb164ffdc28
0x00007fb164ffdbd0:   13a1048730303620 0000000000000000
0x00007fb164ffdbe0:   0000000000000000 000000008568b040
0x00007fb164ffdbf0:   000000000000000c 00007fb164ffdc10
0x00007fb164ffdc00:   00007fb164ffdc78 00007fb155740340
0x00007fb164ffdc10:   00007fb164ffdc88 00007fb155740340
0x00007fb164ffdc20:   0000000085738f78 00007fb155740340
0x00007fb164ffdc30:   000000006d7a20aa 000000008568b040
0x00007fb164ffdc40:   00007fb164ffdc40 00007fb130302940
0x00007fb164ffdc50:   00007fb164ffdca8 00007fb130303620
0x00007fb164ffdc60:   0000000000000000 00000000857d6e98
0x00007fb164ffdc70:   00007fb130302950 00007fb164ffdc30
0x00007fb164ffdc80:   00007fb164ffdc98 00007fb164ffdcf8
0x00007fb164ffdc90:   00007fb155740340 000000006d7a20aa
0x00007fb164ffdca0:   000000008568b040 0000000085738ed0
0x00007fb164ffdcb0:   00007fb164ffdcb0 00007fb13030289c
0x00007fb164ffdcc0:   00007fb164ffdd10 00007fb130303620
0x00007fb164ffdcd0:   0000000000000000 00000000857d6e98
0x00007fb164ffdce0:   00007fb1303028a0 00007fb164ffdc98
0x00007fb164ffdcf0:   00007fb164ffdd08 00007fb164ffdd68
0x00007fb164ffdd00:   00007fb155740340 000000008568b040
0x00007fb164ffdd10:   0000000085738ed0 00000000857d6ce8
0x00007fb164ffdd20:   00007fb164ffdd20 00007fb1302e50f6
0x00007fb164ffdd30:   00007fb164ffdd98 00007fb1302e5de8 

Instructions: (pc=0x00007fb14e222ef6)
0x00007fb14e222df6:   00 48 b9 08 f7 55 30 b1 7f 00 00 8b b9 f4 00 00
0x00007fb14e222e06:   00 83 c7 02 89 b9 f4 00 00 00 81 e7 fe 07 00 00
0x00007fb14e222e16:   83 ff 00 0f 84 ca 08 00 00 48 3b 06 48 8b ce 48
0x00007fb14e222e26:   bf 08 f7 55 30 b1 7f 00 00 48 83 87 38 01 00 00
0x00007fb14e222e36:   01 48 b9 68 af 24 30 b1 7f 00 00 8b b9 f4 00 00
0x00007fb14e222e46:   00 83 c7 02 89 b9 f4 00 00 00 81 e7 fe ff 1f 00
0x00007fb14e222e56:   83 ff 00 0f 84 b0 08 00 00 8b 4e 14 8b 79 0c 48
0x00007fb14e222e66:   8b ce 48 bb 68 af 24 30 b1 7f 00 00 48 83 83 38
0x00007fb14e222e76:   01 00 00 01 48 b9 c8 ad 24 30 b1 7f 00 00 8b 99
0x00007fb14e222e86:   f4 00 00 00 83 c3 02 89 99 f4 00 00 00 81 e3 fe
0x00007fb14e222e96:   ff 1f 00 83 fb 00 0f 84 93 08 00 00 48 b9 c8 ad
0x00007fb14e222ea6:   24 30 b1 7f 00 00 ff 81 48 01 00 00 0f be 4e 10
0x00007fb14e222eb6:   48 bb c8 ad 24 30 b1 7f 00 00 ff 83 58 01 00 00
0x00007fb14e222ec6:   c1 e1 18 c1 f9 18 d3 ff 89 bc 24 b0 00 00 00 bb
0x00007fb14e222ed6:   00 00 00 00 48 b8 00 00 00 00 00 00 00 00 48 89
0x00007fb14e222ee6:   84 24 a0 00 00 00 89 94 24 94 00 00 00 0f 1f 44
0x00007fb14e222ef6:   00 00 3b df 48 b9 08 f7 55 30 b1 7f 00 00 49 b8
0x00007fb14e222f06:   70 01 00 00 00 00 00 00 0f 8d 0a 00 00 00 49 b8
0x00007fb14e222f16:   80 01 00 00 00 00 00 00 4e 8b 0c 01 4d 8d 49 01
0x00007fb14e222f26:   4e 89 0c 01 0f 8d 3f 07 00 00 48 8b ce 49 b8 08
0x00007fb14e222f36:   f7 55 30 b1 7f 00 00 49 83 80 90 01 00 00 01 48
0x00007fb14e222f46:   b9 78 77 2c 30 b1 7f 00 00 44 8b 81 f4 00 00 00
0x00007fb14e222f56:   41 83 c0 02 44 89 81 f4 00 00 00 41 81 e0 fe ff
0x00007fb14e222f66:   1f 00 41 83 f8 00 0f 84 e4 07 00 00 48 8b ce 49
0x00007fb14e222f76:   b8 78 77 2c 30 b1 7f 00 00 49 83 80 38 01 00 00
0x00007fb14e222f86:   01 48 b9 10 a0 23 30 b1 7f 00 00 44 8b 81 f4 00
0x00007fb14e222f96:   00 00 41 83 c0 02 44 89 81 f4 00 00 00 41 81 e0
0x00007fb14e222fa6:   fe ff 1f 00 41 83 f8 00 0f 84 c3 07 00 00 48 b9
0x00007fb14e222fb6:   10 a0 23 30 b1 7f 00 00 ff 81 48 01 00 00 0f be
0x00007fb14e222fc6:   4e 10 83 f9 00 48 b9 10 a0 23 30 b1 7f 00 00 49
0x00007fb14e222fd6:   b8 58 01 00 00 00 00 00 00 0f 85 0a 00 00 00 49
0x00007fb14e222fe6:   b8 68 01 00 00 00 00 00 00 4e 8b 0c 01 4d 8d 49 


Stack slot to memory mapping:
stack at sp + 0 slots: 0x00007fb164ffdb40 is pointing into the stack for thread: 0x00007fb1600259d0
stack at sp + 1 slots: 0x00007fb1302e5481 is pointing into metadata
stack at sp + 2 slots: 0x00007fb164ffdbb0 is pointing into the stack for thread: 0x00007fb1600259d0
stack at sp + 3 slots: 0x00007fb1302e5de8 is pointing into metadata
stack at sp + 4 slots: 0x0 is NULL
stack at sp + 5 slots: 0x00000000857d5948 is an oop: java.lang.Class 
{0x00000000857d5948} - klass: 'java/lang/Class'
 - ---- fields (total size 15 words):
 - private volatile transient 'classRedefinedCount' 'I' @12  0
 - private volatile transient 'cachedConstructor' 'Ljava/lang/reflect/Constructor;' @40  NULL (0)
 - private transient 'name' 'Ljava/lang/String;' @44  "jdk.internal.jimage.BasicImageReader"{0x00000000857d9f10} (857d9f10)
 - private transient 'module' 'Ljava/lang/Module;' @48  a 'java/lang/Module'{0x0000000085769250} (85769250)
 - private final 'classLoader' 'Ljava/lang/ClassLoader;' @52  NULL (0)
 - private transient 'classData' 'Ljava/lang/Object;' @56  NULL (0)
 - private transient 'packageName' 'Ljava/lang/String;' @60  "jdk.internal.jimage"{0x0000000085739440} (85739440)
 - private final 'componentType' 'Ljava/lang/Class;' @64  NULL (0)
 - private volatile transient 'reflectionData' 'Ljava/lang/ref/SoftReference;' @68  NULL (0)
 - private volatile transient 'genericInfo' 'Lsun/reflect/generics/repository/ClassRepository;' @72  NULL (0)
 - private volatile transient 'enumConstants' '[Ljava/lang/Object;' @76  NULL (0)
 - private volatile transient 'enumConstantDirectory' 'Ljava/util/Map;' @80  NULL (0)
 - private volatile transient 'annotationData' 'Ljava/lang/Class$AnnotationData;' @84  NULL (0)
 - private volatile transient 'annotationType' 'Lsun/reflect/annotation/AnnotationType;' @88  NULL (0)
 - transient 'classValueMap' 'Ljava/lang/ClassValue$ClassValueMap;' @92  NULL (0)
 - signature: Ljdk/internal/jimage/BasicImageReader;
 - fake entry for mirror: 'jdk/internal/jimage/BasicImageReader'
 - fake entry for array: NULL
 - fake entry for oop_size: 15
 - fake entry for static_oop_field_count: 0
 - private static final 'IS_64_BIT' 'Z' @112  true
 - private static final 'USE_JVM_MAP' 'Z' @113  true
 - private static final 'MAP_ALL' 'Z' @114  true
stack at sp + 6 slots: {method} {0x00007fb1302e5488} 'match' '(ILjava/lang/String;I)I' in 'jdk/internal/jimage/BasicImageReader'
stack at sp + 7 slots: 0x0 is NULL


Compiled method (c1)     273  130       3       jdk.internal.jimage.ImageStringsReader::unmaskedHashCode (166 bytes)
 total in heap  [0x00007fb14e222b90,0x00007fb14e223e48] = 4792
 relocation     [0x00007fb14e222cf0,0x00007fb14e222dd0] = 224
 main code      [0x00007fb14e222de0,0x00007fb14e223940] = 2912
 stub code      [0x00007fb14e223940,0x00007fb14e223990] = 80
 metadata       [0x00007fb14e223990,0x00007fb14e2239d8] = 72
 scopes data    [0x00007fb14e2239d8,0x00007fb14e223c08] = 560
 scopes pcs     [0x00007fb14e223c08,0x00007fb14e223e08] = 512
 dependencies   [0x00007fb14e223e08,0x00007fb14e223e10] = 8
 nul chk table  [0x00007fb14e223e10,0x00007fb14e223e48] = 56

[Constant Pool (empty)]

[MachCode]
[Verified Entry Point]
  # {method} {0x00007fb130302a80} 'unmaskedHashCode' '(Ljava/lang/String;I)I' in 'jdk/internal/jimage/ImageStringsReader'
  # parm0:    rsi:rsi   = 'java/lang/String'
  # parm1:    rdx       = int
  #           [sp+0xe0]  (sp of caller)
  0x00007fb14e222de0: 8984 2400 | c0fe ff55 | 4881 ecd0 | 0000 0048 | 89b4 24a8 

  0x00007fb14e222df4: ;   {metadata(method data for {method} {0x00007fb130302a80} 'unmaskedHashCode' '(Ljava/lang/String;I)I' in 'jdk/internal/jimage/ImageStringsReader')}
  0x00007fb14e222df4: 0000 0048 | b908 f755 | 30b1 7f00 | 008b b9f4 | 0000 0083 | c702 89b9 | f400 0000 | 81e7 fe07 
  0x00007fb14e222e14: 0000 83ff | 000f 84ca | 0800 0048 | 3b06 488b 

  0x00007fb14e222e24: ;   {metadata(method data for {method} {0x00007fb130302a80} 'unmaskedHashCode' '(Ljava/lang/String;I)I' in 'jdk/internal/jimage/ImageStringsReader')}
  0x00007fb14e222e24: ce48 bf08 | f755 30b1 | 7f00 0048 | 8387 3801 

  0x00007fb14e222e34: ;   {metadata(method data for {method} {0x00007fb130008060} 'length' '()I' in 'java/lang/String')}
  0x00007fb14e222e34: 0000 0148 | b968 af24 | 30b1 7f00 | 008b b9f4 | 0000 0083 | c702 89b9 | f400 0000 | 81e7 feff 
  0x00007fb14e222e54: 1f00 83ff | 000f 84b0 | 0800 008b | 4e14 8b79 | 0c48 8bce 

  0x00007fb14e222e68: ;   {metadata(method data for {method} {0x00007fb130008060} 'length' '()I' in 'java/lang/String')}
  0x00007fb14e222e68: 48bb 68af | 2430 b17f | 0000 4883 | 8338 0100 

  0x00007fb14e222e78: ;   {metadata(method data for {method} {0x00007fb13000c5b0} 'coder' '()B' in 'java/lang/String')}
  0x00007fb14e222e78: 0001 48b9 | c8ad 2430 | b17f 0000 | 8b99 f400 | 0000 83c3 | 0289 99f4 | 0000 0081 | e3fe ff1f 
  0x00007fb14e222e98: 0083 fb00 | 0f84 9308 

  0x00007fb14e222ea0: ;   {metadata(method data for {method} {0x00007fb13000c5b0} 'coder' '()B' in 'java/lang/String')}
  0x00007fb14e222ea0: 0000 48b9 | c8ad 2430 | b17f 0000 | ff81 4801 | 0000 0fbe 

  0x00007fb14e222eb4: ;   {metadata(method data for {method} {0x00007fb13000c5b0} 'coder' '()B' in 'java/lang/String')}
  0x00007fb14e222eb4: 4e10 48bb | c8ad 2430 | b17f 0000 | ff83 5801 | 0000 c1e1 | 18c1 f918 | d3ff 89bc | 24b0 0000 
  0x00007fb14e222ed4: 00bb 0000 

  0x00007fb14e222ed8: ;   {oop(NULL)}
  0x00007fb14e222ed8: 0000 48b8 | 0000 0000 | 0000 0000 | 4889 8424 | a000 0000 | 8994 2494 | 0000 000f | 1f44 0000 
  0x00007fb14e222ef8: ;   {metadata(method data for {method} {0x00007fb130302a80} 'unmaskedHashCode' '(Ljava/lang/String;I)I' in 'jdk/internal/jimage/ImageStringsReader')}
  0x00007fb14e222ef8: 3bdf 48b9 | 08f7 5530 | b17f 0000 | 49b8 7001 | 0000 0000 | 0000 0f8d | 0a00 0000 | 49b8 8001 
  0x00007fb14e222f18: 0000 0000 | 0000 4e8b | 0c01 4d8d | 4901 4e89 | 0c01 0f8d | 3f07 0000 

  0x00007fb14e222f30: ;   {metadata(method data for {method} {0x00007fb130302a80} 'unmaskedHashCode' '(Ljava/lang/String;I)I' in 'jdk/internal/jimage/ImageStringsReader')}
  0x00007fb14e222f30: 488b ce49 | b808 f755 | 30b1 7f00 | 0049 8380 | 9001 0000 

  0x00007fb14e222f44: ;   {metadata(method data for {method} {0x00007fb1300081a0} 'charAt' '(I)C' in 'java/lang/String')}
  0x00007fb14e222f44: 0148 b978 | 772c 30b1 | 7f00 0044 | 8b81 f400 | 0000 4183 | c002 4489 | 81f4 0000 | 0041 81e0 
  0x00007fb14e222f64: feff 1f00 | 4183 f800 | 0f84 e407 | 0000 488b 

  0x00007fb14e222f74: ;   {metadata(method data for {method} {0x00007fb1300081a0} 'charAt' '(I)C' in 'java/lang/String')}
  0x00007fb14e222f74: ce49 b878 | 772c 30b1 | 7f00 0049 | 8380 3801 

  0x00007fb14e222f84: ;   {metadata(method data for {method} {0x00007fb13000c6e0} 'isLatin1' '()Z' in 'java/lang/String')}
  0x00007fb14e222f84: 0000 0148 | b910 a023 | 30b1 7f00 | 0044 8b81 | f400 0000 | 4183 c002 | 4489 81f4 | 0000 0041 
  0x00007fb14e222fa4: 81e0 feff | 1f00 4183 | f800 0f84 | c307 0000 

  0x00007fb14e222fb4: ;   {metadata(method data for {method} {0x00007fb13000c6e0} 'isLatin1' '()Z' in 'java/lang/String')}
  0x00007fb14e222fb4: 48b9 10a0 | 2330 b17f | 0000 ff81 | 4801 0000 | 0fbe 4e10 

  0x00007fb14e222fc8: ;   {metadata(method data for {method} {0x00007fb13000c6e0} 'isLatin1' '()Z' in 'java/lang/String')}
  0x00007fb14e222fc8: 83f9 0048 | b910 a023 | 30b1 7f00 | 0049 b858 | 0100 0000 | 0000 000f | 850a 0000 | 0049 b868 
  0x00007fb14e222fe8: 0100 0000 | 0000 004e | 8b0c 014d | 8d49 014e | 890c 010f | 851a 0000 

  0x00007fb14e223000: ;   {metadata(method data for {method} {0x00007fb13000c6e0} 'isLatin1' '()Z' in 'java/lang/String')}
  0x00007fb14e223000: 0048 b910 | a023 30b1 | 7f00 00ff | 8178 0100 | 00b9 0100 | 0000 e905 | 0000 00b9 | 0000 0000 
  0x00007fb14e223020: 83e1 0183 

  0x00007fb14e223024: ;   {metadata(method data for {method} {0x00007fb1300081a0} 'charAt' '(I)C' in 'java/lang/String')}
  0x00007fb14e223024: f900 48b9 | 7877 2c30 | b17f 0000 | 49b8 7001 | 0000 0000 | 0000 0f84 | 0a00 0000 | 49b8 8001 
  0x00007fb14e223044: 0000 0000 | 0000 4e8b | 0c01 4d8d | 4901 4e89 | 0c01 0f84 | e400 0000 

  0x00007fb14e22305c: ;   {metadata(method data for {method} {0x00007fb1300081a0} 'charAt' '(I)C' in 'java/lang/String')}
  0x00007fb14e22305c: 8b4e 1449 | b878 772c | 30b1 7f00 | 0049 8380 | 9001 0000 

  0x00007fb14e223070: ;   {metadata(method data for {method} {0x00007fb13013f780} 'charAt' '([BI)C' in 'java/lang/StringLatin1')}
  0x00007fb14e223070: 0149 b830 | 842c 30b1 | 7f00 0045 | 8b88 f400 | 0000 4183 | c102 4589 | 88f4 0000 | 0041 81e1 
  0x00007fb14e223090: feff 1f00 | 4183 f900 | 0f84 fa06 | 0000 83fb 

  0x00007fb14e2230a0: ;   {metadata(method data for {method} {0x00007fb13013f780} 'charAt' '([BI)C' in 'java/lang/StringLatin1')}
  0x00007fb14e2230a0: 0049 b830 | 842c 30b1 | 7f00 0049 | b938 0100 | 0000 0000 | 000f 8c0a | 0000 0049 | b948 0100 
  0x00007fb14e2230c0: 0000 0000 | 004f 8b1c | 084d 8d5b | 014f 891c | 080f 8cb8 | 0500 0044 | 8b41 0c41 

  0x00007fb14e2230dc: ;   {metadata(method data for {method} {0x00007fb13013f780} 'charAt' '([BI)C' in 'java/lang/StringLatin1')}
  0x00007fb14e2230dc: 3bd8 49b9 | 3084 2c30 | b17f 0000 | 49bb 6801 | 0000 0000 | 0000 0f8d | 0a00 0000 | 49bb 5801 
  0x00007fb14e2230fc: 0000 0000 | 0000 4f8b | 2c19 4d8d | 6d01 4f89 | 2c19 0f8d | 7b05 0000 | 443b c30f | 86a1 0600 
  0x00007fb14e22311c: 004c 63c3 | 420f be4c | 0110 81e1 | ff00 0000 | 81e1 ffff | 0000 81e1 | ffff 0000 | 4c8b c1e9 
  0x00007fb14e22313c: 1a01 0000 

  0x00007fb14e223140: ;   {metadata(method data for {method} {0x00007fb1300081a0} 'charAt' '(I)C' in 'java/lang/String')}
  0x00007fb14e223140: 8b4e 1449 | b878 772c | 30b1 7f00 | 0049 8380 | a001 0000 

  0x00007fb14e223154: ;   {metadata(method data for {method} {0x00007fb1303a66a0} 'charAt' '([BI)C' in 'java/lang/StringUTF16')}
  0x00007fb14e223154: 0149 b838 | 0056 30b1 | 7f00 0045 | 8b88 f400 | 0000 4183 | c102 4589 | 88f4 0000 | 0041 81e1 
  0x00007fb14e223174: feff 1f00 | 4183 f900 | 0f84 4a06 

  0x00007fb14e223180: ;   {metadata(method data for {method} {0x00007fb1303a66a0} 'charAt' '([BI)C' in 'java/lang/StringUTF16')}
  0x00007fb14e223180: 0000 49b8 | 3800 5630 | b17f 0000 | 4983 8038 | 0100 0001 

  0x00007fb14e223194: ;   {metadata(method data for {method} {0x00007fb1303a6df8} 'checkIndex' '(I[B)V' in 'java/lang/StringUTF16')}
  0x00007fb14e223194: 49b8 d801 | 5630 b17f | 0000 458b | 88f4 0000 | 0041 83c1 | 0245 8988 | f400 0000 | 4181 e1fe 
  0x00007fb14e2231b4: ff1f 0041 | 83f9 000f | 842c 0600 

  0x00007fb14e2231c0: ;   {metadata(method data for {method} {0x00007fb1303a6df8} 'checkIndex' '(I[B)V' in 'java/lang/StringUTF16')}
  0x00007fb14e2231c0: 0049 b8d8 | 0156 30b1 | 7f00 0049 | 8380 3801 

  0x00007fb14e2231d0: ;   {metadata(method data for {method} {0x00007fb1303a29b8} 'length' '([B)I' in 'java/lang/StringUTF16')}
  0x00007fb14e2231d0: 0000 0149 | b878 0356 | 30b1 7f00 | 0045 8b88 | f400 0000 | 4183 c102 | 4589 88f4 | 0000 0041 
  0x00007fb14e2231f0: 81e1 feff | 1f00 4183 | f900 0f84 | 0e06 0000 

  0x00007fb14e223200: ; implicit exception: dispatches to 0x00007fb14e22382f
  0x00007fb14e223200: 448b 410c 

  0x00007fb14e223204: ;   {metadata(method data for {method} {0x00007fb1303a6df8} 'checkIndex' '(I[B)V' in 'java/lang/StringUTF16')}
  0x00007fb14e223204: 49b9 d801 | 5630 b17f | 0000 4983 | 8148 0100 | 0001 41d1 | f848 8bf3 | 498b d048 | 898c 2498 
  0x00007fb14e223224: 0000 0089 | 9c24 9000 

  0x00007fb14e22322c: ;   {static_call}
  0x00007fb14e22322c: 0000 90e8 

  0x00007fb14e223230: ; ImmutableOopMap {[168]=Oop [152]=Oop [160]=Oop }
                      ;*invokestatic checkIndex {reexecute=0 rethrow=0 return_oop=0}
                      ; - java.lang.StringUTF16::checkIndex@5
                      ; - java.lang.StringUTF16::charAt@2
                      ; - java.lang.String::charAt@21
                      ; - jdk.internal.jimage.ImageStringsReader::unmaskedHashCode@19
  0x00007fb14e223230: 4c54 5607 | 8b9c 2490 | 0000 0048 | 63d3 488b | 8c24 9800 | 0000 0fb7 | 5451 1081 | e2ff ff00 
  0x00007fb14e223250: 0081 e2ff | ff00 004c | 8bc2 498b | d083 e280 

  0x00007fb14e223260: ;   {metadata(method data for {method} {0x00007fb130302a80} 'unmaskedHashCode' '(Ljava/lang/String;I)I' in 'jdk/internal/jimage/ImageStringsReader')}
  0x00007fb14e223260: 83fa 0048 | ba08 f755 | 30b1 7f00 | 0048 bec8 | 0100 0000 | 0000 000f | 840a 0000 | 0048 bed8 
  0x00007fb14e223280: 0100 0000 | 0000 0048 | 8b3c 3248 | 8d7f 0148 | 893c 320f | 84d1 0200 | 0048 8b84 | 24a0 0000 
  0x00007fb14e2232a0: 0048 83f8 

  0x00007fb14e2232a4: ;   {metadata(method data for {method} {0x00007fb130302a80} 'unmaskedHashCode' '(Ljava/lang/String;I)I' in 'jdk/internal/jimage/ImageStringsReader')}
  0x00007fb14e2232a4: 0048 ba08 | f755 30b1 | 7f00 0048 | bee8 0100 | 0000 0000 | 000f 850a | 0000 0048 | bef8 0100 
  0x00007fb14e2232c4: 0000 0000 | 0048 8b3c | 3248 8d7f | 0148 893c | 324c 8bcb | 0f85 8e00 | 0000 bb08 

  0x00007fb14e2232e0: ;   {metadata({type array byte})}
  0x00007fb14e2232e0: 0000 0048 | bae0 0704 | 0001 0000 | 0048 63db | 488b fb48 | 81fb ffff | ff00 0f87 | 3405 0000 
  0x00007fb14e223300: 48be 1700 | 0000 0000 | 0000 488d | 341e 4883 | e6f8 498b | 8708 0100 | 0048 8d34 | 3049 3bb7 
  0x00007fb14e223320: 1801 0000 | 0f87 0a05 | 0000 4989 | b708 0100 | 0048 2bf0 | 48c7 0001 | 0000 0048 | 8bca 48c1 
  0x00007fb14e223340: e903 8948 | 0889 580c | 4883 ee10 | 0f84 1a00 | 0000 4885 | f60f 8411 | 0000 0048 | 33db 48c1 
  0x00007fb14e223360: ee03 4889 | 5cf0 0848 | ffce 75f6 | ba00 0000 | 00be c0ff | ffff e908 | 0000 000f | 1f44 0000 
  0x00007fb14e223380: 488b d748 | 8bfa ffc7 | 498b d883 | e33f 81cb | 8000 0000 

  0x00007fb14e223394: ; implicit exception: dispatches to 0x00007fb14e22383e
  0x00007fb14e223394: 3b50 0c0f | 83ab 0400 | 0048 63d2 | 488b cb83 | e101 448b | 5808 49c1 | e303 458b | 5b08 4181 
  0x00007fb14e2233b4: e300 0400 | 0041 83fb | 0048 0f44 | cb88 4c10 | 1041 c1f8 | 06d1 fe49 | 8bd0 4823 | d683 fa00 
  0x00007fb14e2233d4: bb02 0000 | 000f 8505 | 0000 00bb | 0000 0000 

  0x00007fb14e2233e4: ;   {metadata(method data for {method} {0x00007fb130302a80} 'unmaskedHashCode' '(Ljava/lang/String;I)I' in 'jdk/internal/jimage/ImageStringsReader')}
  0x00007fb14e2233e4: 48b9 08f7 | 5530 b17f | 0000 448b | 99f8 0000 | 0044 03db | 4489 99f8 | 0000 0083 | fb00 0f85 
  0x00007fb14e223404: 0600 0000 | 41bb 0200 | 0000 4181 | e3fe 3f00 | 0041 83fb | 000f 8437 | 0400 004d | 8b97 5003 
  0x00007fb14e223424: ; ImmutableOopMap {[168]=Oop rax=Oop }
                      ;*ifne {reexecute=1 rethrow=0 return_oop=0}
                      ; - (reexecute) jdk.internal.jimage.ImageStringsReader::unmaskedHashCode@83
                      ;   {poll}
  0x00007fb14e223424: 0000 4185 | 0283 fa00 

  0x00007fb14e22342c: ;   {metadata(method data for {method} {0x00007fb130302a80} 'unmaskedHashCode' '(Ljava/lang/String;I)I' in 'jdk/internal/jimage/ImageStringsReader')}
  0x00007fb14e22342c: 48ba 08f7 | 5530 b17f | 0000 48bb | 0802 0000 | 0000 0000 | 0f85 0a00 | 0000 48bb | 1802 0000 
  0x00007fb14e22344c: 0000 0000 | 488b 0c1a | 488d 4901 | 4889 0c1a | 0f85 1eff | ffff d1e6 | 490b f03b | 780c 0f83 
  0x00007fb14e22346c: 0704 0000 | 4863 d748 | 8bde 83e3 | 018b 4808 | 48c1 e103 | 8b49 0881 | e100 0400 | 0083 f900 
  0x00007fb14e22348c: 480f 44de | 885c 1010 | 8b94 2494 | 0000 00e9 | 0300 0000 | 488b fe48 | 8bf7 ffce | 3b78 0c0f 
  0x00007fb14e2234ac: 83d4 0300 | 0048 63ff | 0fbe 7c38 | 10bb 9301 | 0001 0faf | d381 e7ff | 0000 0048 | 33d7 83fe 
  0x00007fb14e2234cc: 00bf 0200 | 0000 0f8d | 0500 0000 | bf00 0000 

  0x00007fb14e2234dc: ;   {metadata(method data for {method} {0x00007fb130302a80} 'unmaskedHashCode' '(Ljava/lang/String;I)I' in 'jdk/internal/jimage/ImageStringsReader')}
  0x00007fb14e2234dc: 0048 bb08 | f755 30b1 | 7f00 008b | 8bf8 0000 | 0003 cf89 | 8bf8 0000 | 0083 ff00 | 0f85 0500 
  0x00007fb14e2234fc: 0000 b902 | 0000 0081 | e1fe 3f00 | 0083 f900 | 0f84 8103 | 0000 4d8b | 9750 0300 

  0x00007fb14e223518: ; ImmutableOopMap {[168]=Oop rax=Oop }
                      ;*if_icmple {reexecute=1 rethrow=0 return_oop=0}
                      ; - (reexecute) jdk.internal.jimage.ImageStringsReader::unmaskedHashCode@118
                      ;   {poll}
  0x00007fb14e223518: 0041 8502 

  0x00007fb14e22351c: ;   {metadata(method data for {method} {0x00007fb130302a80} 'unmaskedHashCode' '(Ljava/lang/String;I)I' in 'jdk/internal/jimage/ImageStringsReader')}
  0x00007fb14e22351c: 83fe 0048 | bf08 f755 | 30b1 7f00 | 0048 bb28 | 0200 0000 | 0000 000f | 8d0a 0000 | 0048 bb38 
  0x00007fb14e22353c: 0200 0000 | 0000 0048 | 8b0c 1f48 | 8d49 0148 | 890c 1f0f | 8d4b ffff 

  0x00007fb14e223554: ;   {metadata(method data for {method} {0x00007fb130302a80} 'unmaskedHashCode' '(Ljava/lang/String;I)I' in 'jdk/internal/jimage/ImageStringsReader')}
  0x00007fb14e223554: ff48 be08 | f755 30b1 | 7f00 00ff | 8648 0200 | 00e9 9500 | 0000 4c8b | cb48 8b84 | 24a0 0000 
  0x00007fb14e223574: 0041 83f8 

  0x00007fb14e223578: ;   {metadata(method data for {method} {0x00007fb130302a80} 'unmaskedHashCode' '(Ljava/lang/String;I)I' in 'jdk/internal/jimage/ImageStringsReader')}
  0x00007fb14e223578: 0048 ba08 | f755 30b1 | 7f00 0048 | be60 0200 | 0000 0000 | 000f 850a | 0000 0048 | be70 0200 
  0x00007fb14e223598: 0000 0000 | 0048 8b3c | 3248 8d7f | 0148 893c | 320f 853b | 0000 00ba | 9301 0001 | 8bb4 2494 
  0x00007fb14e2235b8: 0000 000f | aff2 81f6 | c000 0000 | ba93 0100 | 010f aff2 | 81f6 8000 

  0x00007fb14e2235d0: ;   {metadata(method data for {method} {0x00007fb130302a80} 'unmaskedHashCode' '(Ljava/lang/String;I)I' in 'jdk/internal/jimage/ImageStringsReader')}
  0x00007fb14e2235d0: 0000 48ba | 08f7 5530 | b17f 0000 | ff82 8002 | 0000 488b | d6e9 1500 | 0000 ba93 | 0100 018b 
  0x00007fb14e2235f0: b424 9400 | 0000 0faf | f249 33f0 | 488b d649 | 8bd9 ffc3 

  0x00007fb14e223604: ;   {metadata(method data for {method} {0x00007fb130302a80} 'unmaskedHashCode' '(Ljava/lang/String;I)I' in 'jdk/internal/jimage/ImageStringsReader')}
  0x00007fb14e223604: 48be 08f7 | 5530 b17f | 0000 8bbe | f800 0000 | 83c7 0289 | bef8 0000 | 0081 e7fe | 3f00 0083 
  0x00007fb14e223624: ff00 0f84 | 8802 0000 | 4d8b 9750 

  0x00007fb14e223630: ; ImmutableOopMap {[168]=Oop rax=Oop }
                      ;*goto {reexecute=1 rethrow=0 return_oop=0}
                      ; - (reexecute) jdk.internal.jimage.ImageStringsReader::unmaskedHashCode@161
                      ;   {poll}
  0x00007fb14e223630: 0300 0041 

  0x00007fb14e223634: ;   {metadata(method data for {method} {0x00007fb130302a80} 'unmaskedHashCode' '(Ljava/lang/String;I)I' in 'jdk/internal/jimage/ImageStringsReader')}
  0x00007fb14e223634: 8502 48be | 08f7 5530 | b17f 0000 | ff86 9802 | 0000 4c8b | cb49 8bd9 | 4889 8424 | a000 0000 
  0x00007fb14e223654: 8994 2494 | 0000 008b | bc24 b000 | 0000 488b | b424 a800 | 0000 e989 | f8ff ff8b | 9424 9400 
  0x00007fb14e223674: 0000 488b | c248 81c4 | d000 0000 

  0x00007fb14e223680: ;   {poll_return}
  0x00007fb14e223680: 5d49 3ba7 | 4803 0000 | 0f87 4702 | 0000 c34c | 8bcb 660f | 1f44 0000 

  0x00007fb14e223698: ;   {no_reloc}
  0x00007fb14e223698: e95d 0200 | 0000 0000 | 0000 e95d | 0200 0048 

  0x00007fb14e2236a8: ;   {metadata(method data for {method} {0x00007fb13013f780} 'charAt' '([BI)C' in 'java/lang/StringLatin1')}
  0x00007fb14e2236a8: 8bd0 49b8 | 3084 2c30 | b17f 0000 | 4983 8078 | 0100 0001 | 498b d148 | 8bf0 4489 | 8c24 9000 
  0x00007fb14e2236c8: 0000 4889 | 8424 b800 | 0000 0f1f 

  0x00007fb14e2236d4: ;   {optimized virtual_call}
  0x00007fb14e2236d4: 4400 00e8 

  0x00007fb14e2236d8: ; ImmutableOopMap {[168]=Oop [184]=Oop [160]=Oop }
                      ;*invokespecial <init> {reexecute=0 rethrow=0 return_oop=0}
                      ; - java.lang.StringLatin1::charAt@15
                      ; - java.lang.String::charAt@12
                      ; - jdk.internal.jimage.ImageStringsReader::unmaskedHashCode@19
  0x00007fb14e2236d8: a449 5607 | 488b 8424 | b800 0000 | e947 0200 

  0x00007fb14e2236e8: ;   {metadata({method} {0x00007fb130302a80} 'unmaskedHashCode' '(Ljava/lang/String;I)I' in 'jdk/internal/jimage/ImageStringsReader')}
  0x00007fb14e2236e8: 0049 ba80 | 2a30 30b1 | 7f00 004c | 8954 2408 | 48c7 0424 | ffff ffff 

  0x00007fb14e223700: ;   {runtime_call counter_overflow Runtime1 stub}
  0x00007fb14e223700: e87b ac60 

  0x00007fb14e223704: ; ImmutableOopMap {rsi=Oop [168]=Oop }
                      ;*synchronization entry
                      ; - jdk.internal.jimage.ImageStringsReader::unmaskedHashCode@-1
  0x00007fb14e223704: 07e9 15f7 

  0x00007fb14e223708: ;   {runtime_call throw_null_pointer_exception Runtime1 stub}
  0x00007fb14e223708: ffff e891 

  0x00007fb14e22370c: ; ImmutableOopMap {rsi=Oop [168]=Oop }
                      ;*invokevirtual length {reexecute=0 rethrow=0 return_oop=0}
                      ; - jdk.internal.jimage.ImageStringsReader::unmaskedHashCode@1
                      ;   {metadata({method} {0x00007fb130008060} 'length' '()I' in 'java/lang/String')}
  0x00007fb14e22370c: 6460 0749 | ba60 8000 | 30b1 7f00 | 004c 8954 | 2408 48c7 | 0424 ffff 

  0x00007fb14e223724: ;   {runtime_call counter_overflow Runtime1 stub}
  0x00007fb14e223724: ffff e855 

  0x00007fb14e223728: ; ImmutableOopMap {rsi=Oop [168]=Oop }
                      ;*synchronization entry
                      ; - java.lang.String::length@-1
                      ; - jdk.internal.jimage.ImageStringsReader::unmaskedHashCode@1
  0x00007fb14e223728: ac60 07e9 | 2ff7 ffff 

  0x00007fb14e223730: ;   {runtime_call throw_null_pointer_exception Runtime1 stub}
  0x00007fb14e223730: e86b 6460 

  0x00007fb14e223734: ; ImmutableOopMap {rsi=Oop [168]=Oop }
                      ;*arraylength {reexecute=0 rethrow=0 return_oop=0}
                      ; - java.lang.String::length@4
                      ; - jdk.internal.jimage.ImageStringsReader::unmaskedHashCode@1
                      ;   {metadata({method} {0x00007fb13000c5b0} 'coder' '()B' in 'java/lang/String')}
  0x00007fb14e223734: 0749 bab0 | c500 30b1 | 7f00 004c | 8954 2408 | 48c7 0424 | ffff ffff 

  0x00007fb14e22374c: ;   {runtime_call counter_overflow Runtime1 stub}
  0x00007fb14e22374c: e82f ac60 

  0x00007fb14e223750: ; ImmutableOopMap {rsi=Oop [168]=Oop }
                      ;*synchronization entry
                      ; - java.lang.String::coder@-1
                      ; - java.lang.String::length@6
                      ; - jdk.internal.jimage.ImageStringsReader::unmaskedHashCode@1
  0x00007fb14e223750: 07e9 4cf7 

  0x00007fb14e223754: ;   {metadata({method} {0x00007fb1300081a0} 'charAt' '(I)C' in 'java/lang/String')}
  0x00007fb14e223754: ffff 49ba | a081 0030 | b17f 0000 | 4c89 5424 | 0848 c704 | 24ff ffff 

  0x00007fb14e22376c: ;   {runtime_call counter_overflow Runtime1 stub}
  0x00007fb14e22376c: ffe8 0eac 

  0x00007fb14e223770: ; ImmutableOopMap {rsi=Oop [168]=Oop [160]=Oop }
                      ;*synchronization entry
                      ; - java.lang.String::charAt@-1
                      ; - jdk.internal.jimage.ImageStringsReader::unmaskedHashCode@19
  0x00007fb14e223770: 6007 e9fb 

  0x00007fb14e223774: ;   {metadata({method} {0x00007fb13000c6e0} 'isLatin1' '()Z' in 'java/lang/String')}
  0x00007fb14e223774: f7ff ff49 | bae0 c600 | 30b1 7f00 | 004c 8954 | 2408 48c7 | 0424 ffff 

  0x00007fb14e22378c: ;   {runtime_call counter_overflow Runtime1 stub}
  0x00007fb14e22378c: ffff e8ed 

  0x00007fb14e223790: ; ImmutableOopMap {rsi=Oop [168]=Oop [160]=Oop }
                      ;*synchronization entry
                      ; - java.lang.String::isLatin1@-1
                      ; - java.lang.String::charAt@1
                      ; - jdk.internal.jimage.ImageStringsReader::unmaskedHashCode@19
  0x00007fb14e223790: ab60 07e9 | 1cf8 ffff 

  0x00007fb14e223798: ;   {metadata({method} {0x00007fb13013f780} 'charAt' '([BI)C' in 'java/lang/StringLatin1')}
  0x00007fb14e223798: 49ba 80f7 | 1330 b17f | 0000 4c89 | 5424 0848 | c704 24ff 

  0x00007fb14e2237ac: ;   {runtime_call counter_overflow Runtime1 stub}
  0x00007fb14e2237ac: ffff ffe8 

  0x00007fb14e2237b0: ; ImmutableOopMap {rsi=Oop [168]=Oop [160]=Oop rcx=Oop }
                      ;*synchronization entry
                      ; - java.lang.StringLatin1::charAt@-1
                      ; - java.lang.String::charAt@12
                      ; - jdk.internal.jimage.ImageStringsReader::unmaskedHashCode@19
  0x00007fb14e2237b0: ccab 6007 | e9e5 f8ff 

  0x00007fb14e2237b8: ;   {runtime_call throw_null_pointer_exception Runtime1 stub}
  0x00007fb14e2237b8: ffe8 e263 

  0x00007fb14e2237bc: ; ImmutableOopMap {rsi=Oop [168]=Oop [160]=Oop rcx=Oop }
                      ;*arraylength {reexecute=0 rethrow=0 return_oop=0}
                      ; - java.lang.StringLatin1::charAt@6
                      ; - java.lang.String::charAt@12
                      ; - jdk.internal.jimage.ImageStringsReader::unmaskedHashCode@19
  0x00007fb14e2237bc: 6007 4889 | 1c24 4889 

  0x00007fb14e2237c4: ;   {runtime_call throw_range_check_failed Runtime1 stub}
  0x00007fb14e2237c4: 4c24 08e8 

  0x00007fb14e2237c8: ; ImmutableOopMap {rsi=Oop [168]=Oop [160]=Oop rcx=Oop }
                      ;*baload {reexecute=0 rethrow=0 return_oop=0}
                      ; - java.lang.StringLatin1::charAt@21
                      ; - java.lang.String::charAt@12
                      ; - jdk.internal.jimage.ImageStringsReader::unmaskedHashCode@19
  0x00007fb14e2237c8: 544e 6007 

  0x00007fb14e2237cc: ;   {metadata({method} {0x00007fb1303a66a0} 'charAt' '([BI)C' in 'java/lang/StringUTF16')}
  0x00007fb14e2237cc: 49ba a066 | 3a30 b17f | 0000 4c89 | 5424 0848 | c704 24ff 

  0x00007fb14e2237e0: ;   {runtime_call counter_overflow Runtime1 stub}
  0x00007fb14e2237e0: ffff ffe8 

  0x00007fb14e2237e4: ; ImmutableOopMap {rsi=Oop [168]=Oop [160]=Oop rcx=Oop }
                      ;*synchronization entry
                      ; - java.lang.StringUTF16::charAt@-1
                      ; - java.lang.String::charAt@21
                      ; - jdk.internal.jimage.ImageStringsReader::unmaskedHashCode@19
  0x00007fb14e2237e4: 98ab 6007 | e995 f9ff 

  0x00007fb14e2237ec: ;   {metadata({method} {0x00007fb1303a6df8} 'checkIndex' '(I[B)V' in 'java/lang/StringUTF16')}
  0x00007fb14e2237ec: ff49 baf8 | 6d3a 30b1 | 7f00 004c | 8954 2408 | 48c7 0424 | ffff ffff 

  0x00007fb14e223804: ;   {runtime_call counter_overflow Runtime1 stub}
  0x00007fb14e223804: e877 ab60 

  0x00007fb14e223808: ; ImmutableOopMap {rsi=Oop [168]=Oop [160]=Oop rcx=Oop }
                      ;*synchronization entry
                      ; - java.lang.StringUTF16::checkIndex@-1
                      ; - java.lang.StringUTF16::charAt@2
                      ; - java.lang.String::charAt@21
                      ; - jdk.internal.jimage.ImageStringsReader::unmaskedHashCode@19
  0x00007fb14e223808: 07e9 b3f9 

  0x00007fb14e22380c: ;   {metadata({method} {0x00007fb1303a29b8} 'length' '([B)I' in 'java/lang/StringUTF16')}
  0x00007fb14e22380c: ffff 49ba | b829 3a30 | b17f 0000 | 4c89 5424 | 0848 c704 | 24ff ffff 

  0x00007fb14e223824: ;   {runtime_call counter_overflow Runtime1 stub}
  0x00007fb14e223824: ffe8 56ab 

  0x00007fb14e223828: ; ImmutableOopMap {rsi=Oop [168]=Oop [160]=Oop rcx=Oop }
                      ;*synchronization entry
                      ; - java.lang.StringUTF16::length@-1
                      ; - java.lang.StringUTF16::checkIndex@2
                      ; - java.lang.StringUTF16::charAt@2
                      ; - java.lang.String::charAt@21
                      ; - jdk.internal.jimage.ImageStringsReader::unmaskedHashCode@19
  0x00007fb14e223828: 6007 e9d1 

  0x00007fb14e22382c: ;   {runtime_call throw_null_pointer_exception Runtime1 stub}
  0x00007fb14e22382c: f9ff ffe8 

  0x00007fb14e223830: ; ImmutableOopMap {rsi=Oop [168]=Oop [160]=Oop rcx=Oop }
                      ;*arraylength {reexecute=0 rethrow=0 return_oop=0}
                      ; - java.lang.StringUTF16::length@1
                      ; - java.lang.StringUTF16::checkIndex@2
                      ; - java.lang.StringUTF16::charAt@2
                      ; - java.lang.String::charAt@21
                      ; - jdk.internal.jimage.ImageStringsReader::unmaskedHashCode@19
  0x00007fb14e223830: 6c63 6007 

  0x00007fb14e223834: ;   {runtime_call new_type_array Runtime1 stub}
  0x00007fb14e223834: e847 6960 

  0x00007fb14e223838: ; ImmutableOopMap {[168]=Oop }
                      ;*newarray {reexecute=0 rethrow=0 return_oop=0}
                      ; - jdk.internal.jimage.ImageStringsReader::unmaskedHashCode@38
  0x00007fb14e223838: 07e9 2efb 

  0x00007fb14e22383c: ;   {runtime_call throw_null_pointer_exception Runtime1 stub}
  0x00007fb14e22383c: ffff e85d 

  0x00007fb14e223840: ; ImmutableOopMap {[168]=Oop rax=Oop }
                      ;*bastore {reexecute=0 rethrow=0 return_oop=0}
                      ; - jdk.internal.jimage.ImageStringsReader::unmaskedHashCode@64
                      ;   {runtime_call throw_null_pointer_exception Runtime1 stub}
  0x00007fb14e223840: 6360 07e8 

  0x00007fb14e223844: ; ImmutableOopMap {[168]=Oop rax=Oop }
                      ;*bastore {reexecute=0 rethrow=0 return_oop=0}
                      ; - jdk.internal.jimage.ImageStringsReader::unmaskedHashCode@64
  0x00007fb14e223844: 5863 6007 | 4889 1424 | 4889 4424 

  0x00007fb14e223850: ;   {runtime_call throw_range_check_failed Runtime1 stub}
  0x00007fb14e223850: 08e8 ca4d 

  0x00007fb14e223854: ; ImmutableOopMap {[168]=Oop rax=Oop }
                      ;*bastore {reexecute=0 rethrow=0 return_oop=0}
                      ; - jdk.internal.jimage.ImageStringsReader::unmaskedHashCode@64
                      ;   {metadata({method} {0x00007fb130302a80} 'unmaskedHashCode' '(Ljava/lang/String;I)I' in 'jdk/internal/jimage/ImageStringsReader')}
  0x00007fb14e223854: 6007 49ba | 802a 3030 | b17f 0000 | 4c89 5424 | 0848 c704 | 2453 0000 

  0x00007fb14e22386c: ;   {runtime_call counter_overflow Runtime1 stub}
  0x00007fb14e22386c: 00e8 0eab 

  0x00007fb14e223870: ; ImmutableOopMap {[168]=Oop rax=Oop }
                      ;*ifne {reexecute=1 rethrow=0 return_oop=0}
                      ; - (reexecute) jdk.internal.jimage.ImageStringsReader::unmaskedHashCode@83
  0x00007fb14e223870: 6007 e9a8 | fbff ff48 | 893c 2448 | 8944 2408 

  0x00007fb14e223880: ;   {runtime_call throw_range_check_failed Runtime1 stub}
  0x00007fb14e223880: e89b 4d60 

  0x00007fb14e223884: ; ImmutableOopMap {[168]=Oop rax=Oop }
                      ;*bastore {reexecute=0 rethrow=0 return_oop=0}
                      ; - jdk.internal.jimage.ImageStringsReader::unmaskedHashCode@97
  0x00007fb14e223884: 0748 893c | 2448 8944 

  0x00007fb14e22388c: ;   {runtime_call throw_range_check_failed Runtime1 stub}
  0x00007fb14e22388c: 2408 e88d 

  0x00007fb14e223890: ; ImmutableOopMap {[168]=Oop rax=Oop }
                      ;*baload {reexecute=0 rethrow=0 return_oop=0}
                      ; - jdk.internal.jimage.ImageStringsReader::unmaskedHashCode@108
                      ;   {metadata({method} {0x00007fb130302a80} 'unmaskedHashCode' '(Ljava/lang/String;I)I' in 'jdk/internal/jimage/ImageStringsReader')}
  0x00007fb14e223890: 4d60 0749 | ba80 2a30 | 30b1 7f00 | 004c 8954 | 2408 48c7 | 0424 7600 

  0x00007fb14e2238a8: ;   {runtime_call counter_overflow Runtime1 stub}
  0x00007fb14e2238a8: 0000 e8d1 

  0x00007fb14e2238ac: ; ImmutableOopMap {[168]=Oop rax=Oop }
                      ;*if_icmple {reexecute=1 rethrow=0 return_oop=0}
                      ; - (reexecute) jdk.internal.jimage.ImageStringsReader::unmaskedHashCode@118
  0x00007fb14e2238ac: aa60 07e9 | 5efc ffff 

  0x00007fb14e2238b4: ;   {metadata({method} {0x00007fb130302a80} 'unmaskedHashCode' '(Ljava/lang/String;I)I' in 'jdk/internal/jimage/ImageStringsReader')}
  0x00007fb14e2238b4: 49ba 802a | 3030 b17f | 0000 4c89 | 5424 0848 | c704 24a1 

  0x00007fb14e2238c8: ;   {runtime_call counter_overflow Runtime1 stub}
  0x00007fb14e2238c8: 0000 00e8 

  0x00007fb14e2238cc: ; ImmutableOopMap {[168]=Oop rax=Oop }
                      ;*goto {reexecute=1 rethrow=0 return_oop=0}
                      ; - (reexecute) jdk.internal.jimage.ImageStringsReader::unmaskedHashCode@161
  0x00007fb14e2238cc: b0aa 6007 | e957 fdff 

  0x00007fb14e2238d4: ;   {internal_word}
  0x00007fb14e2238d4: ff49 ba81 | 3622 4eb1 | 7f00 004d | 8997 6003 

  0x00007fb14e2238e4: ;   {runtime_call SafepointBlob}
  0x00007fb14e2238e4: 0000 e915 

  0x00007fb14e2238e8: ;   {metadata(NULL)}
  0x00007fb14e2238e8: ae56 0748 | ba00 0000 | 0000 0000 | 00b8 000f 

  0x00007fb14e2238f8: ;   {runtime_call load_klass_patching Runtime1 stub}
  0x00007fb14e2238f8: 050a e801 

  0x00007fb14e2238fc: ; ImmutableOopMap {[160]=Oop [168]=Oop }
                      ;*new {reexecute=1 rethrow=0 return_oop=0}
                      ; - (reexecute) java.lang.StringLatin1::charAt@10
                      ; - java.lang.String::charAt@12
                      ; - jdk.internal.jimage.ImageStringsReader::unmaskedHashCode@19
  0x00007fb14e2238fc: 9a60 07e9 | 94fd ffff 

  0x00007fb14e223904: ;   {runtime_call new_instance Runtime1 stub}
  0x00007fb14e223904: 488b d2e8 

  0x00007fb14e223908: ; ImmutableOopMap {[168]=Oop [160]=Oop }
                      ;*new {reexecute=0 rethrow=0 return_oop=0}
                      ; - java.lang.StringLatin1::charAt@10
                      ; - java.lang.String::charAt@12
                      ; - jdk.internal.jimage.ImageStringsReader::unmaskedHashCode@19
  0x00007fb14e223908: 7456 6007 | e996 fdff | ff90 9049 | 8b87 d803 | 0000 49c7 | 87d8 0300 | 0000 0000 | 0049 c787 
  0x00007fb14e223928: e003 0000 | 0000 0000 | 4881 c4d0 | 0000 005d 

  0x00007fb14e223938: ;   {runtime_call unwind_exception Runtime1 stub}
  0x00007fb14e223938: e9c3 4660 | 07f4 f4f4 
[Stub Code]
  0x00007fb14e223940: ;   {no_reloc}
  0x00007fb14e223940: 0f1f 4400 

  0x00007fb14e223944: ;   {static_stub}
  0x00007fb14e223944: 0048 bb00 | 0000 0000 

  0x00007fb14e22394c: ;   {runtime_call}
  0x00007fb14e22394c: 0000 00e9 | fbff ffff 

  0x00007fb14e223954: ;   {static_stub}
  0x00007fb14e223954: 9048 bb00 | 0000 0000 

  0x00007fb14e22395c: ;   {runtime_call}
  0x00007fb14e22395c: 0000 00e9 | fbff ffff 
[Exception Handler]
  0x00007fb14e223964: ;   {runtime_call handle_exception_from_callee Runtime1 stub}
  0x00007fb14e223964: e817 7760 

  0x00007fb14e223968: ;   {external_word}
  0x00007fb14e223968: 0748 bf32 | b7f8 65b1 | 7f00 0048 

  0x00007fb14e223974: ;   {runtime_call MacroAssembler::debug64(char*, long, long*)}
  0x00007fb14e223974: 83e4 f0e8 | 5434 8e17 

  0x00007fb14e22397c: ;   {section_word}
  0x00007fb14e22397c: f449 ba7d | 3922 4eb1 | 7f00 0041 

  0x00007fb14e223988: ;   {runtime_call DeoptimizationBlob}
  0x00007fb14e223988: 52e9 12a0 | 5607 f4f4 
[/MachCode]


---------------  P R O C E S S  ---------------

Threads class SMR info:
_java_thread_list=0x00007fb16022e1c0, length=11, elements={
0x00007fb1600259d0, 0x00007fb160143220, 0x00007fb1601447d0, 0x00007fb160165cb0,
0x00007fb1601695c0, 0x00007fb16016a590, 0x00007fb16016bc20, 0x00007fb16016d110,
0x00007fb1601765a0, 0x00007fb1602020d0, 0x00007fb16022d230
}

Java Threads: ( => current thread )
=>0x00007fb1600259d0 JavaThread "main" [_thread_in_Java, id=27691, stack(0x00007fb164f00000,0x00007fb165000000)]
  0x00007fb160143220 JavaThread "Reference Handler" daemon [_thread_blocked, id=27698, stack(0x00007fb148ec3000,0x00007fb148fc3000)]
  0x00007fb1601447d0 JavaThread "Finalizer" daemon [_thread_blocked, id=27699, stack(0x00007fb148dc3000,0x00007fb148ec3000)]
  0x00007fb160165cb0 JavaThread "Signal Dispatcher" daemon [_thread_blocked, id=27700, stack(0x00007fb148700000,0x00007fb148800000)]
  0x00007fb1601695c0 JavaThread "Service Thread" daemon [_thread_blocked, id=27701, stack(0x00007fb148600000,0x00007fb148700000)]
  0x00007fb16016a590 JavaThread "Monitor Deflation Thread" daemon [_thread_blocked, id=27702, stack(0x00007fb148500000,0x00007fb148600000)]
  0x00007fb16016bc20 JavaThread "C2 CompilerThread0" daemon [_thread_blocked, id=27703, stack(0x00007fb148400000,0x00007fb148500000)]
  0x00007fb16016d110 JavaThread "C1 CompilerThread0" daemon [_thread_blocked, id=27704, stack(0x00007fb148300000,0x00007fb148400000)]
  0x00007fb1601765a0 JavaThread "Sweeper thread" daemon [_thread_blocked, id=27705, stack(0x00007fb148200000,0x00007fb148300000)]
  0x00007fb1602020d0 JavaThread "Notification Thread" daemon [_thread_blocked, id=27706, stack(0x00007fb148100000,0x00007fb148200000)]
  0x00007fb16022d230 JavaThread "Common-Cleaner" daemon [_thread_blocked, id=27708, stack(0x00007fb148000000,0x00007fb148100000)]

Other Threads:
  0x00007fb1600eefb0 VMThread "VM Thread" [stack: 0x00007fb148fc4000,0x00007fb1490c4000] [id=27697]
  0x00007fb1602037a0 WatcherThread [stack: 0x00007fb139f00000,0x00007fb13a000000] [id=27707]
  0x00007fb160080320 GCTaskThread "GC Thread#0" [stack: 0x00007fb15ff00000,0x00007fb160000000] [id=27692]
  0x00007fb160090f30 ConcurrentGCThread "G1 Main Marker" [stack: 0x00007fb149bd0000,0x00007fb149cd0000] [id=27693]
  0x00007fb160091ea0 ConcurrentGCThread "G1 Conc#0" [stack: 0x00007fb149acf000,0x00007fb149bcf000] [id=27694]
  0x00007fb1600ba7c0 ConcurrentGCThread "G1 Refine#0" [stack: 0x00007fb1491c6000,0x00007fb1492c6000] [id=27695]
  0x00007fb1600bb6c0 ConcurrentGCThread "G1 Service" [stack: 0x00007fb1490c5000,0x00007fb1491c5000] [id=27696]

Threads with active compile tasks:

VM state: not at safepoint (normal execution)

VM Mutex/Monitor currently owned by a thread: None

Heap address: 0x0000000085000000, size: 1968 MB, Compressed Oops mode: 32-bit

CDS archive(s) not mapped
Compressed class space mapped at: 0x0000000100000000-0x0000000140000000, reserved size: 1073741824
Narrow klass base: 0x0000000000000000, Narrow klass shift: 3, Narrow klass range: 0x140000000

GC Precious Log:
 CPUs: 8 total, 8 available
 Memory: 7868M
 Large Page Support: Disabled
 NUMA Support: Disabled
 Compressed Oops: Enabled (32-bit)
 Heap Region Size: 1M
 Heap Min Capacity: 8M
 Heap Initial Capacity: 8M
 Heap Max Capacity: 1968M
 Pre-touch: Disabled
 Parallel Workers: 8
 Concurrent Workers: 2
 Concurrent Refinement Workers: 8
 Periodic GC: Disabled

Heap:
 garbage-first heap   total 8192K, used 1024K [0x0000000085000000, 0x0000000100000000)
  region size 1024K, 2 young (2048K), 0 survivors (0K)
 Metaspace       used 5282K, committed 5376K, reserved 1114112K
  class space    used 507K, committed 576K, reserved 1048576K

Heap Regions: E=young(eden), S=young(survivor), O=old, HS=humongous(starts), HC=humongous(continues), CS=collection set, F=free, OA=open archive, CA=closed archive, TAMS=top-at-mark-start (previous, next)
|   0|0x0000000085000000, 0x0000000085000000, 0x0000000085100000|  0%| F|  |TAMS 0x0000000085000000, 0x0000000085000000| Untracked 
|   1|0x0000000085100000, 0x0000000085100000, 0x0000000085200000|  0%| F|  |TAMS 0x0000000085100000, 0x0000000085100000| Untracked 
|   2|0x0000000085200000, 0x0000000085200000, 0x0000000085300000|  0%| F|  |TAMS 0x0000000085200000, 0x0000000085200000| Untracked 
|   3|0x0000000085300000, 0x0000000085300000, 0x0000000085400000|  0%| F|  |TAMS 0x0000000085300000, 0x0000000085300000| Untracked 
|   4|0x0000000085400000, 0x0000000085400000, 0x0000000085500000|  0%| F|  |TAMS 0x0000000085400000, 0x0000000085400000| Untracked 
|   5|0x0000000085500000, 0x0000000085500000, 0x0000000085600000|  0%| F|  |TAMS 0x0000000085500000, 0x0000000085500000| Untracked 
|   6|0x0000000085600000, 0x000000008568b8d8, 0x0000000085700000| 54%| E|  |TAMS 0x0000000085600000, 0x0000000085600000| Complete 
|   7|0x0000000085700000, 0x0000000085800000, 0x0000000085800000|100%| E|CS|TAMS 0x0000000085700000, 0x0000000085700000| Complete 

Card table byte_map: [0x00007fb14de28000,0x00007fb14e200000] _byte_map_base: 0x00007fb14da00000

Marking Bits (Prev, Next): (CMBitMap*) 0x00007fb160080db0, (CMBitMap*) 0x00007fb160080df0
 Prev Bits: [0x00007fb14bb90000, 0x00007fb14da50000)
 Next Bits: [0x00007fb149cd0000, 0x00007fb14bb90000)

Polling page: 0x00007fb166742000

Metaspace:

Usage:
  Non-class:      4,66 MB used.
      Class:    507,11 KB used.
       Both:      5,16 MB used.

Virtual space:
  Non-class space:       64,00 MB reserved,       4,69 MB (  7%) committed,  1 nodes.
      Class space:        1,00 GB reserved,     576,00 KB ( <1%) committed,  1 nodes.
             Both:        1,06 GB reserved,       5,25 MB ( <1%) committed. 

Chunk freelists:
   Non-Class:  10,89 MB
       Class:  15,25 MB
        Both:  26,14 MB

MaxMetaspaceSize: unlimited
CompressedClassSpaceSize: 1,00 GB
Initial GC threshold: 21,00 MB
Current GC threshold: 21,00 MB
CDS: off
MetaspaceReclaimPolicy: balanced
 - commit_granule_bytes: 65536.
 - commit_granule_words: 8192.
 - virtual_space_node_default_size: 8388608.
 - enlarge_chunks_in_place: 1.
 - new_chunks_are_fully_committed: 0.
 - uncommit_free_chunks: 1.
 - use_allocation_guard: 0.
 - handle_deallocations: 1.


Internal statistics:

num_allocs_failed_limit: 0.
num_arena_births: 10.
num_arena_deaths: 0.
num_vsnodes_births: 2.
num_vsnodes_deaths: 0.
num_space_committed: 84.
num_space_uncommitted: 0.
num_chunks_returned_to_freelist: 0.
num_chunks_taken_from_freelist: 31.
num_chunk_merges: 0.
num_chunk_splits: 14.
num_chunks_enlarged: 6.
num_inconsistent_stats: 0.

CodeHeap 'non-profiled nmethods': size=120028Kb used=50Kb max_used=50Kb free=119977Kb
 bounds [0x00007fb155cc9000, 0x00007fb155f39000, 0x00007fb15d200000]
CodeHeap 'profiled nmethods': size=120028Kb used=176Kb max_used=176Kb free=119851Kb
 bounds [0x00007fb14e200000, 0x00007fb14e470000, 0x00007fb155737000]
CodeHeap 'non-nmethods': size=5704Kb used=1089Kb max_used=1102Kb free=4615Kb
 bounds [0x00007fb155737000, 0x00007fb1559a7000, 0x00007fb155cc9000]
 total_blobs=533 nmethods=168 adapters=279
 compilation: enabled
              stopped_count=0, restarted_count=0
 full_count=0

Compilation events (20 events):
Event: 0,147 Thread 0x00007fb16016bc20 nmethod 143 0x00007fb155cd2a10 code [0x00007fb155cd2b80, 0x00007fb155cd2bd8]
Event: 0,147 Thread 0x00007fb16016d110 nmethod 142 0x00007fb14e227810 code [0x00007fb14e2279e0, 0x00007fb14e227cf0]
Event: 0,149 Thread 0x00007fb16016d110  144       3       java.lang.invoke.MethodType::hashCode (53 bytes)
Event: 0,149 Thread 0x00007fb16016d110 nmethod 144 0x00007fb14e227e10 code [0x00007fb14e227fe0, 0x00007fb14e228350]
Event: 0,149 Thread 0x00007fb16016d110  147       3       java.lang.AbstractStringBuilder::isLatin1 (19 bytes)
Event: 0,149 Thread 0x00007fb16016d110 nmethod 147 0x00007fb14e228510 code [0x00007fb14e2286a0, 0x00007fb14e228810]
Event: 0,149 Thread 0x00007fb16016d110  146       3       java.lang.invoke.MethodType$ConcurrentWeakInternSet::expungeStaleElements (27 bytes)
Event: 0,150 Thread 0x00007fb16016d110 nmethod 146 0x00007fb14e228890 code [0x00007fb14e228a80, 0x00007fb14e228f70]
Event: 0,150 Thread 0x00007fb16016d110  149       3       jdk.internal.org.objectweb.asm.SymbolTable::get (13 bytes)
Event: 0,151 Thread 0x00007fb16016d110 nmethod 149 0x00007fb14e229190 code [0x00007fb14e229320, 0x00007fb14e229470]
Event: 0,151 Thread 0x00007fb16016d110  148       3       java.lang.Math::max (11 bytes)
Event: 0,151 Thread 0x00007fb16016d110 nmethod 148 0x00007fb14e229590 code [0x00007fb14e229720, 0x00007fb14e229850]
Event: 0,152 Thread 0x00007fb16016d110  153       1       java.lang.invoke.MethodType::ptypes (5 bytes)
Event: 0,152 Thread 0x00007fb16016d110 nmethod 153 0x00007fb155cd3c10 code [0x00007fb155cd3da0, 0x00007fb155cd3e70]
Event: 0,152 Thread 0x00007fb16016d110  156       3       jdk.internal.org.objectweb.asm.SymbolTable::hash (10 bytes)
Event: 0,153 Thread 0x00007fb16016d110 nmethod 156 0x00007fb14e229910 code [0x00007fb14e229ac0, 0x00007fb14e229be0]
Event: 0,153 Thread 0x00007fb16016d110  157       3       jdk.internal.org.objectweb.asm.ByteVector::putUTF8 (144 bytes)
Event: 0,154 Thread 0x00007fb16016d110 nmethod 157 0x00007fb14e229c90 code [0x00007fb14e229f00, 0x00007fb14e22aa00]
Event: 0,154 Thread 0x00007fb16016d110  162       3       java.lang.invoke.MemberName::isInvocable (7 bytes)
Event: 0,155 Thread 0x00007fb16016d110 nmethod 162 0x00007fb14e22af10 code [0x00007fb14e22b0c0, 0x00007fb14e22b350]

GC Heap History (0 events):
No events

Dll operation events (4 events):
Event: 0,004 Loaded shared library /home/samuel/.vscode/extensions/redhat.java-1.25.1-linux-x64/jre/17.0.9-linux-x86_64/lib/libjava.so
Event: 0,098 Loaded shared library /home/samuel/.vscode/extensions/redhat.java-1.25.1-linux-x64/jre/17.0.9-linux-x86_64/lib/libnio.so
Event: 0,100 Loaded shared library /home/samuel/.vscode/extensions/redhat.java-1.25.1-linux-x64/jre/17.0.9-linux-x86_64/lib/libjimage.so
Event: 0,117 Loaded shared library /home/samuel/.vscode/extensions/redhat.java-1.25.1-linux-x64/jre/17.0.9-linux-x86_64/lib/libzip.so

Deoptimization events (4 events):
Event: 0,119 Thread 0x00007fb1600259d0 Uncommon trap: trap_request=0xffffff45 fr.pc=0x00007fb155ccce4c relative=0x00000000000001ac
Event: 0,119 Thread 0x00007fb1600259d0 Uncommon trap: reason=unstable_if action=reinterpret pc=0x00007fb155ccce4c method=java.lang.String.hashCode()I @ 42 c2
Event: 0,119 Thread 0x00007fb1600259d0 DEOPT PACKING pc=0x00007fb155ccce4c sp=0x00007fb164ffdac0
Event: 0,119 Thread 0x00007fb1600259d0 DEOPT UNPACKING pc=0x00007fb15578d699 sp=0x00007fb164ffda78 mode 2

Classes unloaded (0 events):
No events

Classes redefined (0 events):
No events

Internal exceptions (1 events):
Event: 0,155 Thread 0x00007fb1600259d0 Implicit null exception at 0x00007fb14e222ef6 to 0x0000000000000000

VM Operations (0 events):
No events

Events (20 events):
Event: 0,151 loading class java/util/regex/MatchResult done
Event: 0,151 loading class java/util/regex/Matcher done
Event: 0,151 loading class java/util/regex/IntHashSet
Event: 0,152 loading class java/util/regex/IntHashSet done
Event: 0,152 loading class java/util/regex/Pattern$Begin
Event: 0,152 loading class java/util/regex/Pattern$Begin done
Event: 0,152 loading class java/util/regex/Pattern$BitClass
Event: 0,152 loading class java/util/regex/Pattern$BitClass done
Event: 0,153 loading class java/util/regex/Pattern$BmpCharPropertyGreedy
Event: 0,153 loading class java/util/regex/Pattern$BmpCharPropertyGreedy done
Event: 0,153 loading class java/util/regex/Pattern$Dollar
Event: 0,153 loading class java/util/regex/Pattern$Dollar done
Event: 0,153 loading class java/util/regex/Pattern$GroupTail
Event: 0,153 loading class java/util/regex/Pattern$GroupTail done
Event: 0,154 loading class java/util/regex/Pattern$Ques
Event: 0,154 loading class java/util/regex/Pattern$Ques done
Event: 0,154 loading class java/util/regex/Pattern$BranchConn
Event: 0,154 loading class java/util/regex/Pattern$BranchConn done
Event: 0,154 loading class java/util/regex/Pattern$Branch
Event: 0,154 loading class java/util/regex/Pattern$Branch done


Dynamic libraries:
85000000-85800000 rw-p 00000000 00:00 0 
85800000-100000000 ---p 00000000 00:00 0 
100000000-100030000 rw-p 00000000 00:00 0 
100030000-100090000 rw-p 00000000 00:00 0 
100090000-140000000 ---p 00000000 00:00 0 
559171f3b000-559171f3c000 r--p 00000000 08:05 4205010                    /home/samuel/.vscode/extensions/redhat.java-1.25.1-linux-x64/jre/17.0.9-linux-x86_64/bin/jcmd
559171f3c000-559171f3d000 r-xp 00001000 08:05 4205010                    /home/samuel/.vscode/extensions/redhat.java-1.25.1-linux-x64/jre/17.0.9-linux-x86_64/bin/jcmd
559171f3d000-559171f3e000 r--p 00002000 08:05 4205010                    /home/samuel/.vscode/extensions/redhat.java-1.25.1-linux-x64/jre/17.0.9-linux-x86_64/bin/jcmd
559171f3e000-559171f3f000 r--p 00002000 08:05 4205010                    /home/samuel/.vscode/extensions/redhat.java-1.25.1-linux-x64/jre/17.0.9-linux-x86_64/bin/jcmd
559171f3f000-559171f40000 rw-p 00003000 08:05 4205010                    /home/samuel/.vscode/extensions/redhat.java-1.25.1-linux-x64/jre/17.0.9-linux-x86_64/bin/jcmd
559172a57000-559172a9f000 rw-p 00000000 00:00 0                          [heap]
7fb0f8000000-7fb0f8021000 rw-p 00000000 00:00 0 
7fb0f8021000-7fb0fc000000 ---p 00000000 00:00 0 
7fb100000000-7fb100021000 rw-p 00000000 00:00 0 
7fb100021000-7fb104000000 ---p 00000000 00:00 0 
7fb104000000-7fb104021000 rw-p 00000000 00:00 0 
7fb104021000-7fb108000000 ---p 00000000 00:00 0 
7fb108000000-7fb10809a000 rw-p 00000000 00:00 0 
7fb10809a000-7fb10c000000 ---p 00000000 00:00 0 
7fb10c000000-7fb10c021000 rw-p 00000000 00:00 0 
7fb10c021000-7fb110000000 ---p 00000000 00:00 0 
7fb110000000-7fb110021000 rw-p 00000000 00:00 0 
7fb110021000-7fb114000000 ---p 00000000 00:00 0 
7fb114000000-7fb114092000 rw-p 00000000 00:00 0 
7fb114092000-7fb118000000 ---p 00000000 00:00 0 
7fb118000000-7fb118021000 rw-p 00000000 00:00 0 
7fb118021000-7fb11c000000 ---p 00000000 00:00 0 
7fb11c000000-7fb11c021000 rw-p 00000000 00:00 0 
7fb11c021000-7fb120000000 ---p 00000000 00:00 0 
7fb120000000-7fb120021000 rw-p 00000000 00:00 0 
7fb120021000-7fb124000000 ---p 00000000 00:00 0 
7fb124000000-7fb124021000 rw-p 00000000 00:00 0 
7fb124021000-7fb128000000 ---p 00000000 00:00 0 
7fb128000000-7fb128021000 rw-p 00000000 00:00 0 
7fb128021000-7fb12c000000 ---p 00000000 00:00 0 
7fb12c000000-7fb12c021000 rw-p 00000000 00:00 0 
7fb12c021000-7fb130000000 ---p 00000000 00:00 0 
7fb130000000-7fb1303f0000 rw-p 00000000 00:00 0 
7fb1303f0000-7fb130420000 rw-p 00000000 00:00 0 
7fb130420000-7fb130500000 ---p 00000000 00:00 0 
7fb130500000-7fb130590000 rw-p 00000000 00:00 0 
7fb130590000-7fb134000000 ---p 00000000 00:00 0 
7fb134000000-7fb134021000 rw-p 00000000 00:00 0 
7fb134021000-7fb138000000 ---p 00000000 00:00 0 
7fb139b18000-7fb139eff000 rw-p 00000000 00:00 0 
7fb139eff000-7fb139f00000 ---p 00000000 00:00 0 
7fb139f00000-7fb13c000000 rw-p 00000000 00:00 0 
7fb13c000000-7fb13c021000 rw-p 00000000 00:00 0 
7fb13c021000-7fb140000000 ---p 00000000 00:00 0 
7fb140000000-7fb140021000 rw-p 00000000 00:00 0 
7fb140021000-7fb144000000 ---p 00000000 00:00 0 
7fb144000000-7fb144021000 rw-p 00000000 00:00 0 
7fb144021000-7fb148000000 ---p 00000000 00:00 0 
7fb148000000-7fb148004000 ---p 00000000 00:00 0 
7fb148004000-7fb148100000 rw-p 00000000 00:00 0 
7fb148100000-7fb148104000 ---p 00000000 00:00 0 
7fb148104000-7fb148200000 rw-p 00000000 00:00 0 
7fb148200000-7fb148204000 ---p 00000000 00:00 0 
7fb148204000-7fb148300000 rw-p 00000000 00:00 0 
7fb148300000-7fb148304000 ---p 00000000 00:00 0 
7fb148304000-7fb148400000 rw-p 00000000 00:00 0 
7fb148400000-7fb148404000 ---p 00000000 00:00 0 
7fb148404000-7fb148500000 rw-p 00000000 00:00 0 
7fb148500000-7fb148504000 ---p 00000000 00:00 0 
7fb148504000-7fb148600000 rw-p 00000000 00:00 0 
7fb148600000-7fb148604000 ---p 00000000 00:00 0 
7fb148604000-7fb148700000 rw-p 00000000 00:00 0 
7fb148700000-7fb148704000 ---p 00000000 00:00 0 
7fb148704000-7fb148800000 rw-p 00000000 00:00 0 
7fb148800000-7fb148d75000 r--p 00000000 08:05 3147902                    /usr/lib/locale/locale-archive
7fb148dc3000-7fb148dc7000 ---p 00000000 00:00 0 
7fb148dc7000-7fb148ec3000 rw-p 00000000 00:00 0 
7fb148ec3000-7fb148ec7000 ---p 00000000 00:00 0 
7fb148ec7000-7fb148fc3000 rw-p 00000000 00:00 0 
7fb148fc3000-7fb148fc4000 ---p 00000000 00:00 0 
7fb148fc4000-7fb1490c4000 rw-p 00000000 00:00 0 
7fb1490c4000-7fb1490c5000 ---p 00000000 00:00 0 
7fb1490c5000-7fb1491c5000 rw-p 00000000 00:00 0 
7fb1491c5000-7fb1491c6000 ---p 00000000 00:00 0 
7fb1491c6000-7fb149ace000 rw-p 00000000 00:00 0 
7fb149ace000-7fb149acf000 ---p 00000000 00:00 0 
7fb149acf000-7fb149bcf000 rw-p 00000000 00:00 0 
7fb149bcf000-7fb149bd0000 ---p 00000000 00:00 0 
7fb149bd0000-7fb149cf0000 rw-p 00000000 00:00 0 
7fb149cf0000-7fb14bb90000 ---p 00000000 00:00 0 
7fb14bb90000-7fb14bbb0000 rw-p 00000000 00:00 0 
7fb14bbb0000-7fb14da50000 ---p 00000000 00:00 0 
7fb14da50000-7fb14da54000 rw-p 00000000 00:00 0 
7fb14da54000-7fb14de28000 ---p 00000000 00:00 0 
7fb14de28000-7fb14de2c000 rw-p 00000000 00:00 0 
7fb14de2c000-7fb14e200000 ---p 00000000 00:00 0 
7fb14e200000-7fb14e470000 rwxp 00000000 00:00 0 
7fb14e470000-7fb155737000 ---p 00000000 00:00 0 
7fb155737000-7fb1559a7000 rwxp 00000000 00:00 0 
7fb1559a7000-7fb155cc9000 ---p 00000000 00:00 0 
7fb155cc9000-7fb155f39000 rwxp 00000000 00:00 0 
7fb155f39000-7fb15d200000 ---p 00000000 00:00 0 
7fb15d200000-7fb15fe25000 r--s 00000000 08:05 4457456                    /home/samuel/.vscode/extensions/redhat.java-1.25.1-linux-x64/jre/17.0.9-linux-x86_64/lib/modules
7fb15fe5a000-7fb15fe7e000 r--p 00000000 08:05 3809448                    /usr/share/locale-langpack/pt_BR/LC_MESSAGES/libc.mo
7fb15fe7e000-7fb15feff000 rw-p 00000000 00:00 0 
7fb15feff000-7fb15ff00000 ---p 00000000 00:00 0 
7fb15ff00000-7fb160000000 rw-p 00000000 00:00 0 
7fb160000000-7fb16026e000 rw-p 00000000 00:00 0 
7fb16026e000-7fb164000000 ---p 00000000 00:00 0 
7fb164010000-7fb164041000 rw-p 00000000 00:00 0 
7fb164041000-7fb164045000 r--p 00000000 08:05 4457444                    /home/samuel/.vscode/extensions/redhat.java-1.25.1-linux-x64/jre/17.0.9-linux-x86_64/lib/libnet.so
7fb164045000-7fb164053000 r-xp 00004000 08:05 4457444                    /home/samuel/.vscode/extensions/redhat.java-1.25.1-linux-x64/jre/17.0.9-linux-x86_64/lib/libnet.so
7fb164053000-7fb164057000 r--p 00012000 08:05 4457444                    /home/samuel/.vscode/extensions/redhat.java-1.25.1-linux-x64/jre/17.0.9-linux-x86_64/lib/libnet.so
7fb164057000-7fb164058000 r--p 00015000 08:05 4457444                    /home/samuel/.vscode/extensions/redhat.java-1.25.1-linux-x64/jre/17.0.9-linux-x86_64/lib/libnet.so
7fb164058000-7fb164059000 rw-p 00016000 08:05 4457444                    /home/samuel/.vscode/extensions/redhat.java-1.25.1-linux-x64/jre/17.0.9-linux-x86_64/lib/libnet.so
7fb164059000-7fb164060000 r--p 00000000 08:05 4457445                    /home/samuel/.vscode/extensions/redhat.java-1.25.1-linux-x64/jre/17.0.9-linux-x86_64/lib/libnio.so
7fb164060000-7fb164069000 r-xp 00007000 08:05 4457445                    /home/samuel/.vscode/extensions/redhat.java-1.25.1-linux-x64/jre/17.0.9-linux-x86_64/lib/libnio.so
7fb164069000-7fb16406d000 r--p 00010000 08:05 4457445                    /home/samuel/.vscode/extensions/redhat.java-1.25.1-linux-x64/jre/17.0.9-linux-x86_64/lib/libnio.so
7fb16406d000-7fb16406e000 ---p 00014000 08:05 4457445                    /home/samuel/.vscode/extensions/redhat.java-1.25.1-linux-x64/jre/17.0.9-linux-x86_64/lib/libnio.so
7fb16406e000-7fb16406f000 r--p 00014000 08:05 4457445                    /home/samuel/.vscode/extensions/redhat.java-1.25.1-linux-x64/jre/17.0.9-linux-x86_64/lib/libnio.so
7fb16406f000-7fb164070000 rw-p 00015000 08:05 4457445                    /home/samuel/.vscode/extensions/redhat.java-1.25.1-linux-x64/jre/17.0.9-linux-x86_64/lib/libnio.so
7fb164070000-7fb16414e000 rw-p 00000000 00:00 0 
7fb16414e000-7fb164522000 ---p 00000000 00:00 0 
7fb164522000-7fb164d2f000 rw-p 00000000 00:00 0 
7fb164d2f000-7fb164e15000 ---p 00000000 00:00 0 
7fb164e15000-7fb164e1a000 rw-p 00000000 00:00 0 
7fb164e1a000-7fb164f00000 ---p 00000000 00:00 0 
7fb164f00000-7fb164f04000 ---p 00000000 00:00 0 
7fb164f04000-7fb165000000 rw-p 00000000 00:00 0 
7fb165000000-7fb165253000 r--p 00000000 08:05 4457515                    /home/samuel/.vscode/extensions/redhat.java-1.25.1-linux-x64/jre/17.0.9-linux-x86_64/lib/server/libjvm.so
7fb165253000-7fb165f71000 r-xp 00253000 08:05 4457515                    /home/samuel/.vscode/extensions/redhat.java-1.25.1-linux-x64/jre/17.0.9-linux-x86_64/lib/server/libjvm.so
7fb165f71000-7fb1661fd000 r--p 00f71000 08:05 4457515                    /home/samuel/.vscode/extensions/redhat.java-1.25.1-linux-x64/jre/17.0.9-linux-x86_64/lib/server/libjvm.so
7fb1661fd000-7fb1662b6000 r--p 011fc000 08:05 4457515                    /home/samuel/.vscode/extensions/redhat.java-1.25.1-linux-x64/jre/17.0.9-linux-x86_64/lib/server/libjvm.so
7fb1662b6000-7fb1662eb000 rw-p 012b5000 08:05 4457515                    /home/samuel/.vscode/extensions/redhat.java-1.25.1-linux-x64/jre/17.0.9-linux-x86_64/lib/server/libjvm.so
7fb1662eb000-7fb166345000 rw-p 00000000 00:00 0 
7fb166357000-7fb166359000 r--p 00000000 08:05 4457455                    /home/samuel/.vscode/extensions/redhat.java-1.25.1-linux-x64/jre/17.0.9-linux-x86_64/lib/libzip.so
7fb166359000-7fb16636b000 r-xp 00002000 08:05 4457455                    /home/samuel/.vscode/extensions/redhat.java-1.25.1-linux-x64/jre/17.0.9-linux-x86_64/lib/libzip.so
7fb16636b000-7fb166373000 r--p 00014000 08:05 4457455                    /home/samuel/.vscode/extensions/redhat.java-1.25.1-linux-x64/jre/17.0.9-linux-x86_64/lib/libzip.so
7fb166373000-7fb166374000 r--p 0001b000 08:05 4457455                    /home/samuel/.vscode/extensions/redhat.java-1.25.1-linux-x64/jre/17.0.9-linux-x86_64/lib/libzip.so
7fb166374000-7fb166375000 rw-p 0001c000 08:05 4457455                    /home/samuel/.vscode/extensions/redhat.java-1.25.1-linux-x64/jre/17.0.9-linux-x86_64/lib/libzip.so
7fb166375000-7fb1663b6000 rw-p 00000000 00:00 0 
7fb1663b6000-7fb1663c4000 r--p 00000000 08:05 4457431                    /home/samuel/.vscode/extensions/redhat.java-1.25.1-linux-x64/jre/17.0.9-linux-x86_64/lib/libjava.so
7fb1663c4000-7fb1663d6000 r-xp 0000e000 08:05 4457431                    /home/samuel/.vscode/extensions/redhat.java-1.25.1-linux-x64/jre/17.0.9-linux-x86_64/lib/libjava.so
7fb1663d6000-7fb1663dc000 r--p 00020000 08:05 4457431                    /home/samuel/.vscode/extensions/redhat.java-1.25.1-linux-x64/jre/17.0.9-linux-x86_64/lib/libjava.so
7fb1663dc000-7fb1663dd000 ---p 00026000 08:05 4457431                    /home/samuel/.vscode/extensions/redhat.java-1.25.1-linux-x64/jre/17.0.9-linux-x86_64/lib/libjava.so
7fb1663dd000-7fb1663de000 r--p 00026000 08:05 4457431                    /home/samuel/.vscode/extensions/redhat.java-1.25.1-linux-x64/jre/17.0.9-linux-x86_64/lib/libjava.so
7fb1663de000-7fb1663df000 rw-p 00027000 08:05 4457431                    /home/samuel/.vscode/extensions/redhat.java-1.25.1-linux-x64/jre/17.0.9-linux-x86_64/lib/libjava.so
7fb1663df000-7fb1663e0000 rw-p 00000000 00:00 0 
7fb1663e0000-7fb1663e4000 r--p 00000000 08:05 4457435                    /home/samuel/.vscode/extensions/redhat.java-1.25.1-linux-x64/jre/17.0.9-linux-x86_64/lib/libjimage.so
7fb1663e4000-7fb1663f7000 r-xp 00004000 08:05 4457435                    /home/samuel/.vscode/extensions/redhat.java-1.25.1-linux-x64/jre/17.0.9-linux-x86_64/lib/libjimage.so
7fb1663f7000-7fb1663fd000 r--p 00017000 08:05 4457435                    /home/samuel/.vscode/extensions/redhat.java-1.25.1-linux-x64/jre/17.0.9-linux-x86_64/lib/libjimage.so
7fb1663fd000-7fb1663ff000 r--p 0001c000 08:05 4457435                    /home/samuel/.vscode/extensions/redhat.java-1.25.1-linux-x64/jre/17.0.9-linux-x86_64/lib/libjimage.so
7fb1663ff000-7fb166400000 rw-p 0001e000 08:05 4457435                    /home/samuel/.vscode/extensions/redhat.java-1.25.1-linux-x64/jre/17.0.9-linux-x86_64/lib/libjimage.so
7fb166400000-7fb166428000 r--p 00000000 08:05 3149746                    /usr/lib/x86_64-linux-gnu/libc.so.6
7fb166428000-7fb1665bd000 r-xp 00028000 08:05 3149746                    /usr/lib/x86_64-linux-gnu/libc.so.6
7fb1665bd000-7fb166615000 r--p 001bd000 08:05 3149746                    /usr/lib/x86_64-linux-gnu/libc.so.6
7fb166615000-7fb166619000 r--p 00214000 08:05 3149746                    /usr/lib/x86_64-linux-gnu/libc.so.6
7fb166619000-7fb16661b000 rw-p 00218000 08:05 3149746                    /usr/lib/x86_64-linux-gnu/libc.so.6
7fb16661b000-7fb166628000 rw-p 00000000 00:00 0 
7fb16662a000-7fb166631000 r--s 00000000 08:05 3410816                    /usr/lib/x86_64-linux-gnu/gconv/gconv-modules.cache
7fb166631000-7fb166636000 rw-p 00000000 00:00 0 
7fb166636000-7fb16663d000 ---p 00000000 00:00 0 
7fb16663d000-7fb16664b000 r--p 00000000 08:05 3149749                    /usr/lib/x86_64-linux-gnu/libm.so.6
7fb16664b000-7fb1666c7000 r-xp 0000e000 08:05 3149749                    /usr/lib/x86_64-linux-gnu/libm.so.6
7fb1666c7000-7fb166722000 r--p 0008a000 08:05 3149749                    /usr/lib/x86_64-linux-gnu/libm.so.6
7fb166722000-7fb166723000 r--p 000e4000 08:05 3149749                    /usr/lib/x86_64-linux-gnu/libm.so.6
7fb166723000-7fb166724000 rw-p 000e5000 08:05 3149749                    /usr/lib/x86_64-linux-gnu/libm.so.6
7fb166724000-7fb166725000 r--p 00000000 08:05 3149760                    /usr/lib/x86_64-linux-gnu/librt.so.1
7fb166725000-7fb166726000 r-xp 00001000 08:05 3149760                    /usr/lib/x86_64-linux-gnu/librt.so.1
7fb166726000-7fb166727000 r--p 00002000 08:05 3149760                    /usr/lib/x86_64-linux-gnu/librt.so.1
7fb166727000-7fb166728000 r--p 00002000 08:05 3149760                    /usr/lib/x86_64-linux-gnu/librt.so.1
7fb166728000-7fb166729000 rw-p 00003000 08:05 3149760                    /usr/lib/x86_64-linux-gnu/librt.so.1
7fb166729000-7fb16672b000 rw-p 00000000 00:00 0 
7fb16672b000-7fb16672c000 r--p 00000000 08:05 3149748                    /usr/lib/x86_64-linux-gnu/libdl.so.2
7fb16672c000-7fb16672d000 r-xp 00001000 08:05 3149748                    /usr/lib/x86_64-linux-gnu/libdl.so.2
7fb16672d000-7fb16672e000 r--p 00002000 08:05 3149748                    /usr/lib/x86_64-linux-gnu/libdl.so.2
7fb16672e000-7fb16672f000 r--p 00002000 08:05 3149748                    /usr/lib/x86_64-linux-gnu/libdl.so.2
7fb16672f000-7fb166730000 rw-p 00003000 08:05 3149748                    /usr/lib/x86_64-linux-gnu/libdl.so.2
7fb166730000-7fb166731000 r--p 00000000 08:05 3149758                    /usr/lib/x86_64-linux-gnu/libpthread.so.0
7fb166731000-7fb166732000 r-xp 00001000 08:05 3149758                    /usr/lib/x86_64-linux-gnu/libpthread.so.0
7fb166732000-7fb166733000 r--p 00002000 08:05 3149758                    /usr/lib/x86_64-linux-gnu/libpthread.so.0
7fb166733000-7fb166734000 r--p 00002000 08:05 3149758                    /usr/lib/x86_64-linux-gnu/libpthread.so.0
7fb166734000-7fb166735000 rw-p 00003000 08:05 3149758                    /usr/lib/x86_64-linux-gnu/libpthread.so.0
7fb16673a000-7fb166742000 rw-s 00000000 08:05 3678746                    /tmp/hsperfdata_samuel/27690
7fb166742000-7fb166743000 ---p 00000000 00:00 0 
7fb166743000-7fb166744000 r--p 00000000 00:00 0 
7fb166744000-7fb166747000 r--p 00000000 08:05 4457436                    /home/samuel/.vscode/extensions/redhat.java-1.25.1-linux-x64/jre/17.0.9-linux-x86_64/lib/libjli.so
7fb166747000-7fb166757000 r-xp 00003000 08:05 4457436                    /home/samuel/.vscode/extensions/redhat.java-1.25.1-linux-x64/jre/17.0.9-linux-x86_64/lib/libjli.so
7fb166757000-7fb16675e000 r--p 00013000 08:05 4457436                    /home/samuel/.vscode/extensions/redhat.java-1.25.1-linux-x64/jre/17.0.9-linux-x86_64/lib/libjli.so
7fb16675e000-7fb16675f000 r--p 00019000 08:05 4457436                    /home/samuel/.vscode/extensions/redhat.java-1.25.1-linux-x64/jre/17.0.9-linux-x86_64/lib/libjli.so
7fb16675f000-7fb166760000 rw-p 0001a000 08:05 4457436                    /home/samuel/.vscode/extensions/redhat.java-1.25.1-linux-x64/jre/17.0.9-linux-x86_64/lib/libjli.so
7fb166760000-7fb166762000 rw-p 00000000 00:00 0 
7fb166762000-7fb166764000 r--p 00000000 08:05 3149743                    /usr/lib/x86_64-linux-gnu/ld-linux-x86-64.so.2
7fb166764000-7fb16678e000 r-xp 00002000 08:05 3149743                    /usr/lib/x86_64-linux-gnu/ld-linux-x86-64.so.2
7fb16678e000-7fb166799000 r--p 0002c000 08:05 3149743                    /usr/lib/x86_64-linux-gnu/ld-linux-x86-64.so.2
7fb166799000-7fb16679a000 ---p 00000000 00:00 0 
7fb16679a000-7fb16679c000 r--p 00037000 08:05 3149743                    /usr/lib/x86_64-linux-gnu/ld-linux-x86-64.so.2
7fb16679c000-7fb16679e000 rw-p 00039000 08:05 3149743                    /usr/lib/x86_64-linux-gnu/ld-linux-x86-64.so.2
7ffc9ddaf000-7ffc9ddd1000 rw-p 00000000 00:00 0                          [stack]
7ffc9ddd3000-7ffc9ddd7000 r--p 00000000 00:00 0                          [vvar]
7ffc9ddd7000-7ffc9ddd9000 r-xp 00000000 00:00 0                          [vdso]
ffffffffff600000-ffffffffff601000 --xp 00000000 00:00 0                  [vsyscall]


VM Arguments:
jvm_args: -Dapplication.home=/home/samuel/.vscode/extensions/redhat.java-1.25.1-linux-x64/jre/17.0.9-linux-x86_64 -Xms8m -Djdk.module.main=jdk.jcmd 
java_command: jdk.jcmd/sun.tools.jcmd.JCmd 6193 VM.uptime
java_class_path (initial): <not set>
Launcher Type: SUN_STANDARD

[Global flags]
     intx CICompilerCount                          = 4                                         {product} {ergonomic}
     uint ConcGCThreads                            = 2                                         {product} {ergonomic}
     uint G1ConcRefinementThreads                  = 8                                         {product} {ergonomic}
   size_t G1HeapRegionSize                         = 1048576                                   {product} {ergonomic}
    uintx GCDrainStackTargetSize                   = 64                                        {product} {ergonomic}
   size_t InitialHeapSize                          = 8388608                                   {product} {command line}
   size_t MarkStackSize                            = 4194304                                   {product} {ergonomic}
   size_t MaxHeapSize                              = 2063597568                                {product} {ergonomic}
   size_t MaxNewSize                               = 1237319680                                {product} {ergonomic}
   size_t MinHeapDeltaBytes                        = 1048576                                   {product} {ergonomic}
   size_t MinHeapSize                              = 8388608                                   {product} {command line}
    uintx NonNMethodCodeHeapSize                   = 5839372                                {pd product} {ergonomic}
    uintx NonProfiledCodeHeapSize                  = 122909434                              {pd product} {ergonomic}
    uintx ProfiledCodeHeapSize                     = 122909434                              {pd product} {ergonomic}
    uintx ReservedCodeCacheSize                    = 251658240                              {pd product} {ergonomic}
     bool SegmentedCodeCache                       = true                                      {product} {ergonomic}
   size_t SoftMaxHeapSize                          = 2063597568                             {manageable} {ergonomic}
     bool UseCompressedClassPointers               = true                           {product lp64_product} {ergonomic}
     bool UseCompressedOops                        = true                           {product lp64_product} {ergonomic}
     bool UseG1GC                                  = true                                      {product} {ergonomic}

Logging:
Log output configuration:
 #0: stdout all=warning uptime,level,tags
 #1: stderr all=off uptime,level,tags

Environment Variables:
JAVA_HOME=/home/samuel/Apps/jdk20
PATH=/home/samuel/.nvm/versions/node/v19.5.0/bin:/home/samuel/.sdkman/candidates/gradle/current/bin:/usr/local/sbin:/usr/local/bin:/usr/sbin:/usr/bin:/sbin:/bin:/usr/games:/usr/local/games:/snap/bin:/snap/bin:/home/samuel/.dotnet/tools:/home/samuel/Apps/jdk20/bin:/opt/apache-maven-3.9.4/bin
USERNAME=samuel
SHELL=/bin/bash
DISPLAY=:0
LANG=pt_BR.UTF-8
TERM=xterm-256color

Active Locale:
LC_ALL=pt_BR.UTF-8
LC_COLLATE=pt_BR.UTF-8
LC_CTYPE=pt_BR.UTF-8
LC_MESSAGES=pt_BR.UTF-8
LC_MONETARY=pt_BR.UTF-8
LC_NUMERIC=pt_BR.UTF-8
LC_TIME=pt_BR.UTF-8

Signal Handlers:
   SIGSEGV: crash_handler in libjvm.so, mask=11100100010111111101111111111110, flags=SA_RESTART|SA_SIGINFO, unblocked
    SIGBUS: crash_handler in libjvm.so, mask=11100100010111111101111111111110, flags=SA_RESTART|SA_SIGINFO, unblocked
    SIGFPE: crash_handler in libjvm.so, mask=11100100010111111101111111111110, flags=SA_RESTART|SA_SIGINFO, unblocked
   SIGPIPE: javaSignalHandler in libjvm.so, mask=11100100010111111101111111111110, flags=SA_RESTART|SA_SIGINFO, blocked
   SIGXFSZ: javaSignalHandler in libjvm.so, mask=11100100010111111101111111111110, flags=SA_RESTART|SA_SIGINFO, blocked
    SIGILL: crash_handler in libjvm.so, mask=11100100010111111101111111111110, flags=SA_RESTART|SA_SIGINFO, unblocked
   SIGUSR2: SR_handler in libjvm.so, mask=00000000000000000000000000000000, flags=SA_RESTART|SA_SIGINFO, blocked
    SIGHUP: UserHandler in libjvm.so, mask=11100100010111111101111111111110, flags=SA_RESTART|SA_SIGINFO, blocked
    SIGINT: UserHandler in libjvm.so, mask=11100100010111111101111111111110, flags=SA_RESTART|SA_SIGINFO, blocked
   SIGTERM: UserHandler in libjvm.so, mask=11100100010111111101111111111110, flags=SA_RESTART|SA_SIGINFO, blocked
   SIGQUIT: UserHandler in libjvm.so, mask=11100100010111111101111111111110, flags=SA_RESTART|SA_SIGINFO, blocked
   SIGTRAP: crash_handler in libjvm.so, mask=11100100010111111101111111111110, flags=SA_RESTART|SA_SIGINFO, unblocked


Periodic native trim disabled


---------------  S Y S T E M  ---------------

OS:
DISTRIB_ID=Ubuntu
DISTRIB_RELEASE=22.04
DISTRIB_CODENAME=jammy
DISTRIB_DESCRIPTION="Ubuntu 22.04.2 LTS"
uname: Linux 6.2.0-39-generic #40~22.04.1-Ubuntu SMP PREEMPT_DYNAMIC Thu Nov 16 10:53:04 UTC 2 x86_64
OS uptime: 0 days 3:45 hours
libc: glibc 2.35 NPTL 2.35 
rlimit (soft/hard): STACK 8192k/infinity , CORE 0k/infinity , NPROC 31178/31178 , NOFILE 1048576/1048576 , AS infinity/infinity , CPU infinity/infinity , DATA infinity/infinity , FSIZE infinity/infinity , MEMLOCK 1007228k/1007228k
load average: 0,08 0,25 0,37

/proc/meminfo:
MemTotal:        8057848 kB
MemFree:         1190844 kB
MemAvailable:    3783804 kB
Buffers:          178156 kB
Cached:          2712068 kB
SwapCached:            0 kB
Active:          1281340 kB
Inactive:        4815832 kB
Active(anon):       2752 kB
Inactive(anon):  3322112 kB
Active(file):    1278588 kB
Inactive(file):  1493720 kB
Unevictable:          32 kB
Mlocked:              32 kB
SwapTotal:       2671612 kB
SwapFree:        2671612 kB
Zswap:                 0 kB
Zswapped:              0 kB
Dirty:               148 kB
Writeback:             0 kB
AnonPages:       3207096 kB
Mapped:           944568 kB
Shmem:            117888 kB
KReclaimable:     128040 kB
Slab:             292632 kB
SReclaimable:     128040 kB
SUnreclaim:       164592 kB
KernelStack:       18000 kB
PageTables:        44932 kB
SecPageTables:         0 kB
NFS_Unstable:          0 kB
Bounce:                0 kB
WritebackTmp:          0 kB
CommitLimit:     6700536 kB
Committed_AS:   12198100 kB
VmallocTotal:   34359738367 kB
VmallocUsed:       66048 kB
VmallocChunk:          0 kB
Percpu:            34432 kB
HardwareCorrupted:     0 kB
AnonHugePages:         0 kB
ShmemHugePages:        0 kB
ShmemPmdMapped:        0 kB
FileHugePages:         0 kB
FilePmdMapped:         0 kB
HugePages_Total:       0
HugePages_Free:        0
HugePages_Rsvd:        0
HugePages_Surp:        0
Hugepagesize:       2048 kB
Hugetlb:               0 kB
DirectMap4k:      619764 kB
DirectMap2M:     7712768 kB
DirectMap1G:           0 kB

/sys/kernel/mm/transparent_hugepage/enabled: always [madvise] never
/sys/kernel/mm/transparent_hugepage/defrag (defrag/compaction efforts parameter): always defer defer+madvise [madvise] never

Process Memory:
Virtual Size: 4780348K (peak: 4841716K)
Resident Set Size: 41856K (peak: 41856K) (anon: 18048K, file: 23808K, shmem: 0K)
Swapped out: 0K
C-Heap outstanding allocations: 25595K, retained: 2160K
glibc malloc tunables: (default)

/proc/sys/kernel/threads-max (system-wide limit on the number of threads): 62356
/proc/sys/vm/max_map_count (maximum number of memory map areas a process may have): 65530
/proc/sys/kernel/pid_max (system-wide limit on number of process identifiers): 4194304

container (cgroup) information:
container_type: cgroupv2
cpu_cpuset_cpus: not supported
cpu_memory_nodes: not supported
active_processor_count: 8
cpu_quota: not supported
cpu_period: not supported
cpu_shares: not supported
memory_limit_in_bytes: unlimited
memory_and_swap_limit_in_bytes: unlimited
memory_soft_limit_in_bytes: unlimited
memory_usage_in_bytes: 1445536 k
memory_max_usage_in_bytes: not supported
memory_swap_current_in_bytes: unlimited
memory_swap_max_limit_in_bytes: unlimited
maximum number of tasks: 9353
current number of tasks: 192

Steal ticks since vm start: 0
Steal ticks percentage since vm start:  0,000

CPU: total 8 (initial active 8) (8 cores per cpu, 2 threads per core) family 23 model 1 stepping 1 microcode 0x8001138, cx8, cmov, fxsr, ht, mmx, 3dnowpref, sse, sse2, sse3, ssse3, sse4a, sse4.1, sse4.2, popcnt, lzcnt, tsc, tscinvbit, avx, avx2, aes, clmul, bmi1, bmi2, adx, sha, fma, vzeroupper, clflush, clflushopt
CPU Model and flags from /proc/cpuinfo:
model name	: AMD Ryzen 5 1400 Quad-Core Processor
flags		: fpu vme de pse tsc msr pae mce cx8 apic sep mtrr pge mca cmov pat pse36 clflush mmx fxsr sse sse2 ht syscall nx mmxext fxsr_opt pdpe1gb rdtscp lm constant_tsc rep_good nopl nonstop_tsc cpuid extd_apicid aperfmperf rapl pni pclmulqdq monitor ssse3 fma cx16 sse4_1 sse4_2 movbe popcnt aes xsave avx f16c rdrand lahf_lm cmp_legacy svm extapic cr8_legacy abm sse4a misalignsse 3dnowprefetch osvw skinit wdt tce topoext perfctr_core perfctr_nb bpext perfctr_llc mwaitx cpb hw_pstate ssbd ibpb vmmcall fsgsbase bmi1 avx2 smep bmi2 rdseed adx smap clflushopt sha_ni xsaveopt xsavec xgetbv1 clzero irperf xsaveerptr arat npt lbrv svm_lock nrip_save tsc_scale vmcb_clean flushbyasid decodeassists pausefilter pfthreshold avic v_vmsave_vmload vgif overflow_recov succor smca sev

Online cpus: 0-7
Offline cpus: 8-31
BIOS frequency limitation: 3200000
Frequency switch latency (ns): 0
Available cpu frequencies: 3200000 2800000 1550000 
Current governor: schedutil
Core performance/turbo boost: 1

Memory: 4k page, physical 8057848k(1190844k free), swap 2671612k(2671612k free)
Page Sizes: 4k

vm_info: OpenJDK 64-Bit Server VM (17.0.9+9) for linux-amd64 JRE (17.0.9+9), built on Oct 17 2023 00:00:00 by "admin" with gcc 10.3.0

END.
